{"/Users/chouray/WorkBuddy/2026-05-25-10-01-22/cross-wms/src/capabilities/warehouse/dashboardApi.ts": {"path":"/Users/chouray/WorkBuddy/2026-05-25-10-01-22/cross-wms/src/capabilities/warehouse/dashboardApi.ts","all":true,"statementMap":{"23":{"start":{"line":24,"column":0},"end":{"line":24,"column":8}},"33":{"start":{"line":34,"column":0},"end":{"line":34,"column":67}},"35":{"start":{"line":36,"column":0},"end":{"line":36,"column":8}},"61":{"start":{"line":62,"column":0},"end":{"line":62,"column":54}},"63":{"start":{"line":64,"column":0},"end":{"line":64,"column":68}},"64":{"start":{"line":65,"column":0},"end":{"line":65,"column":7}},"65":{"start":{"line":66,"column":0},"end":{"line":66,"column":53}},"66":{"start":{"line":67,"column":0},"end":{"line":67,"column":17}},"67":{"start":{"line":68,"column":0},"end":{"line":68,"column":61}},"68":{"start":{"line":69,"column":0},"end":{"line":69,"column":5}},"69":{"start":{"line":70,"column":0},"end":{"line":70,"column":19}},"71":{"start":{"line":72,"column":0},"end":{"line":72,"column":3}},"72":{"start":{"line":73,"column":0},"end":{"line":73,"column":14}},"73":{"start":{"line":74,"column":0},"end":{"line":74,"column":1}},"75":{"start":{"line":76,"column":0},"end":{"line":76,"column":62}},"76":{"start":{"line":77,"column":0},"end":{"line":77,"column":7}},"77":{"start":{"line":78,"column":0},"end":{"line":78,"column":62}},"78":{"start":{"line":79,"column":0},"end":{"line":79,"column":19}},"80":{"start":{"line":81,"column":0},"end":{"line":81,"column":3}},"81":{"start":{"line":82,"column":0},"end":{"line":82,"column":1}},"85":{"start":{"line":86,"column":0},"end":{"line":86,"column":34}},"86":{"start":{"line":87,"column":0},"end":{"line":87,"column":35}},"88":{"start":{"line":89,"column":0},"end":{"line":89,"column":51}},"90":{"start":{"line":91,"column":0},"end":{"line":91,"column":49}},"92":{"start":{"line":93,"column":0},"end":{"line":93,"column":19}},"93":{"start":{"line":94,"column":0},"end":{"line":94,"column":19}},"94":{"start":{"line":95,"column":0},"end":{"line":95,"column":25}},"95":{"start":{"line":96,"column":0},"end":{"line":96,"column":22}},"96":{"start":{"line":97,"column":0},"end":{"line":97,"column":16}},"97":{"start":{"line":98,"column":0},"end":{"line":98,"column":44}},"98":{"start":{"line":99,"column":0},"end":{"line":99,"column":6}},"99":{"start":{"line":100,"column":0},"end":{"line":100,"column":3}},"104":{"start":{"line":105,"column":0},"end":{"line":105,"column":48}},"105":{"start":{"line":106,"column":0},"end":{"line":106,"column":48}},"106":{"start":{"line":107,"column":0},"end":{"line":107,"column":37}},"107":{"start":{"line":108,"column":0},"end":{"line":108,"column":3}},"109":{"start":{"line":110,"column":0},"end":{"line":110,"column":33}},"110":{"start":{"line":111,"column":0},"end":{"line":111,"column":30}},"111":{"start":{"line":112,"column":0},"end":{"line":112,"column":3}},"115":{"start":{"line":116,"column":0},"end":{"line":116,"column":47}},"116":{"start":{"line":117,"column":0},"end":{"line":117,"column":38}},"117":{"start":{"line":118,"column":0},"end":{"line":118,"column":28}},"118":{"start":{"line":119,"column":0},"end":{"line":119,"column":5}},"120":{"start":{"line":121,"column":0},"end":{"line":121,"column":46}},"121":{"start":{"line":122,"column":0},"end":{"line":122,"column":11}},"122":{"start":{"line":123,"column":0},"end":{"line":123,"column":52}},"123":{"start":{"line":124,"column":0},"end":{"line":124,"column":23}},"125":{"start":{"line":126,"column":0},"end":{"line":126,"column":30}},"126":{"start":{"line":127,"column":0},"end":{"line":127,"column":7}},"127":{"start":{"line":128,"column":0},"end":{"line":128,"column":5}},"130":{"start":{"line":131,"column":0},"end":{"line":131,"column":9}},"131":{"start":{"line":132,"column":0},"end":{"line":132,"column":75}},"132":{"start":{"line":133,"column":0},"end":{"line":133,"column":22}},"133":{"start":{"line":134,"column":0},"end":{"line":134,"column":21}},"135":{"start":{"line":136,"column":0},"end":{"line":136,"column":28}},"136":{"start":{"line":137,"column":0},"end":{"line":137,"column":5}},"137":{"start":{"line":138,"column":0},"end":{"line":138,"column":3}},"139":{"start":{"line":140,"column":0},"end":{"line":140,"column":65}},"140":{"start":{"line":141,"column":0},"end":{"line":141,"column":25}},"141":{"start":{"line":142,"column":0},"end":{"line":142,"column":50}},"142":{"start":{"line":143,"column":0},"end":{"line":143,"column":5}},"144":{"start":{"line":145,"column":0},"end":{"line":145,"column":55}},"145":{"start":{"line":146,"column":0},"end":{"line":146,"column":18}},"146":{"start":{"line":147,"column":0},"end":{"line":147,"column":38}},"147":{"start":{"line":148,"column":0},"end":{"line":148,"column":5}},"149":{"start":{"line":150,"column":0},"end":{"line":150,"column":71}},"151":{"start":{"line":152,"column":0},"end":{"line":152,"column":33}},"152":{"start":{"line":153,"column":0},"end":{"line":153,"column":38}},"153":{"start":{"line":154,"column":0},"end":{"line":154,"column":5}},"155":{"start":{"line":156,"column":0},"end":{"line":156,"column":78}},"156":{"start":{"line":157,"column":0},"end":{"line":157,"column":37}},"157":{"start":{"line":158,"column":0},"end":{"line":158,"column":14}},"158":{"start":{"line":159,"column":0},"end":{"line":159,"column":59}},"159":{"start":{"line":160,"column":0},"end":{"line":160,"column":50}},"160":{"start":{"line":161,"column":0},"end":{"line":161,"column":49}},"161":{"start":{"line":162,"column":0},"end":{"line":162,"column":46}},"162":{"start":{"line":163,"column":0},"end":{"line":163,"column":66}},"163":{"start":{"line":164,"column":0},"end":{"line":164,"column":65}},"164":{"start":{"line":165,"column":0},"end":{"line":165,"column":67}},"165":{"start":{"line":166,"column":0},"end":{"line":166,"column":66}},"166":{"start":{"line":167,"column":0},"end":{"line":167,"column":79}},"167":{"start":{"line":168,"column":0},"end":{"line":168,"column":49}},"168":{"start":{"line":169,"column":0},"end":{"line":169,"column":50}},"169":{"start":{"line":170,"column":0},"end":{"line":170,"column":48}},"170":{"start":{"line":171,"column":0},"end":{"line":171,"column":52}},"171":{"start":{"line":172,"column":0},"end":{"line":172,"column":8}},"172":{"start":{"line":173,"column":0},"end":{"line":173,"column":7}},"174":{"start":{"line":175,"column":0},"end":{"line":175,"column":61}},"175":{"start":{"line":176,"column":0},"end":{"line":176,"column":3}},"179":{"start":{"line":180,"column":0},"end":{"line":180,"column":53}},"180":{"start":{"line":181,"column":0},"end":{"line":181,"column":38}},"181":{"start":{"line":182,"column":0},"end":{"line":182,"column":31}},"182":{"start":{"line":183,"column":0},"end":{"line":183,"column":5}},"184":{"start":{"line":185,"column":0},"end":{"line":185,"column":46}},"185":{"start":{"line":186,"column":0},"end":{"line":186,"column":11}},"186":{"start":{"line":187,"column":0},"end":{"line":187,"column":55}},"187":{"start":{"line":188,"column":0},"end":{"line":188,"column":23}},"189":{"start":{"line":190,"column":0},"end":{"line":190,"column":33}},"190":{"start":{"line":191,"column":0},"end":{"line":191,"column":7}},"191":{"start":{"line":192,"column":0},"end":{"line":192,"column":5}},"193":{"start":{"line":194,"column":0},"end":{"line":194,"column":9}},"194":{"start":{"line":195,"column":0},"end":{"line":195,"column":72}},"195":{"start":{"line":196,"column":0},"end":{"line":196,"column":21}},"197":{"start":{"line":198,"column":0},"end":{"line":198,"column":31}},"198":{"start":{"line":199,"column":0},"end":{"line":199,"column":5}},"199":{"start":{"line":200,"column":0},"end":{"line":200,"column":3}},"201":{"start":{"line":202,"column":0},"end":{"line":202,"column":71}},"202":{"start":{"line":203,"column":0},"end":{"line":203,"column":25}},"203":{"start":{"line":204,"column":0},"end":{"line":204,"column":50}},"204":{"start":{"line":205,"column":0},"end":{"line":205,"column":5}},"206":{"start":{"line":207,"column":0},"end":{"line":207,"column":58}},"207":{"start":{"line":208,"column":0},"end":{"line":208,"column":18}},"208":{"start":{"line":209,"column":0},"end":{"line":209,"column":38}},"209":{"start":{"line":210,"column":0},"end":{"line":210,"column":5}},"211":{"start":{"line":212,"column":0},"end":{"line":212,"column":71}},"213":{"start":{"line":214,"column":0},"end":{"line":214,"column":33}},"214":{"start":{"line":215,"column":0},"end":{"line":215,"column":38}},"215":{"start":{"line":216,"column":0},"end":{"line":216,"column":5}},"217":{"start":{"line":218,"column":0},"end":{"line":218,"column":53}},"218":{"start":{"line":219,"column":0},"end":{"line":219,"column":37}},"219":{"start":{"line":220,"column":0},"end":{"line":220,"column":14}},"220":{"start":{"line":221,"column":0},"end":{"line":221,"column":59}},"221":{"start":{"line":222,"column":0},"end":{"line":222,"column":52}},"222":{"start":{"line":223,"column":0},"end":{"line":223,"column":57}},"223":{"start":{"line":224,"column":0},"end":{"line":224,"column":55}},"224":{"start":{"line":225,"column":0},"end":{"line":225,"column":50}},"225":{"start":{"line":226,"column":0},"end":{"line":226,"column":61}},"226":{"start":{"line":227,"column":0},"end":{"line":227,"column":61}},"227":{"start":{"line":228,"column":0},"end":{"line":228,"column":93}},"228":{"start":{"line":229,"column":0},"end":{"line":229,"column":58}},"229":{"start":{"line":230,"column":0},"end":{"line":230,"column":62}},"230":{"start":{"line":231,"column":0},"end":{"line":231,"column":87}},"231":{"start":{"line":232,"column":0},"end":{"line":232,"column":52}},"232":{"start":{"line":233,"column":0},"end":{"line":233,"column":26}},"233":{"start":{"line":234,"column":0},"end":{"line":234,"column":50}},"234":{"start":{"line":235,"column":0},"end":{"line":235,"column":61}},"235":{"start":{"line":236,"column":0},"end":{"line":236,"column":8}},"236":{"start":{"line":237,"column":0},"end":{"line":237,"column":75}},"237":{"start":{"line":238,"column":0},"end":{"line":238,"column":3}},"241":{"start":{"line":242,"column":0},"end":{"line":242,"column":50}},"242":{"start":{"line":243,"column":0},"end":{"line":243,"column":38}},"243":{"start":{"line":244,"column":0},"end":{"line":244,"column":27}},"244":{"start":{"line":245,"column":0},"end":{"line":245,"column":5}},"246":{"start":{"line":247,"column":0},"end":{"line":247,"column":46}},"247":{"start":{"line":248,"column":0},"end":{"line":248,"column":11}},"248":{"start":{"line":249,"column":0},"end":{"line":249,"column":51}},"249":{"start":{"line":250,"column":0},"end":{"line":250,"column":23}},"251":{"start":{"line":252,"column":0},"end":{"line":252,"column":29}},"252":{"start":{"line":253,"column":0},"end":{"line":253,"column":7}},"253":{"start":{"line":254,"column":0},"end":{"line":254,"column":5}},"255":{"start":{"line":256,"column":0},"end":{"line":256,"column":9}},"256":{"start":{"line":257,"column":0},"end":{"line":257,"column":68}},"257":{"start":{"line":258,"column":0},"end":{"line":258,"column":21}},"259":{"start":{"line":260,"column":0},"end":{"line":260,"column":27}},"260":{"start":{"line":261,"column":0},"end":{"line":261,"column":5}},"261":{"start":{"line":262,"column":0},"end":{"line":262,"column":3}},"263":{"start":{"line":264,"column":0},"end":{"line":264,"column":68}},"264":{"start":{"line":265,"column":0},"end":{"line":265,"column":25}},"265":{"start":{"line":266,"column":0},"end":{"line":266,"column":50}},"266":{"start":{"line":267,"column":0},"end":{"line":267,"column":5}},"268":{"start":{"line":269,"column":0},"end":{"line":269,"column":54}},"269":{"start":{"line":270,"column":0},"end":{"line":270,"column":18}},"270":{"start":{"line":271,"column":0},"end":{"line":271,"column":38}},"271":{"start":{"line":272,"column":0},"end":{"line":272,"column":5}},"273":{"start":{"line":274,"column":0},"end":{"line":274,"column":71}},"275":{"start":{"line":276,"column":0},"end":{"line":276,"column":33}},"276":{"start":{"line":277,"column":0},"end":{"line":277,"column":38}},"277":{"start":{"line":278,"column":0},"end":{"line":278,"column":5}},"279":{"start":{"line":280,"column":0},"end":{"line":280,"column":53}},"280":{"start":{"line":281,"column":0},"end":{"line":281,"column":37}},"281":{"start":{"line":282,"column":0},"end":{"line":282,"column":14}},"282":{"start":{"line":283,"column":0},"end":{"line":283,"column":60}},"283":{"start":{"line":284,"column":0},"end":{"line":284,"column":45}},"284":{"start":{"line":285,"column":0},"end":{"line":285,"column":46}},"285":{"start":{"line":286,"column":0},"end":{"line":286,"column":53}},"286":{"start":{"line":287,"column":0},"end":{"line":287,"column":65}},"287":{"start":{"line":288,"column":0},"end":{"line":288,"column":68}},"288":{"start":{"line":289,"column":0},"end":{"line":289,"column":66}},"289":{"start":{"line":290,"column":0},"end":{"line":290,"column":53}},"290":{"start":{"line":291,"column":0},"end":{"line":291,"column":67}},"291":{"start":{"line":292,"column":0},"end":{"line":292,"column":65}},"292":{"start":{"line":293,"column":0},"end":{"line":293,"column":51}},"293":{"start":{"line":294,"column":0},"end":{"line":294,"column":60}},"294":{"start":{"line":295,"column":0},"end":{"line":295,"column":8}},"295":{"start":{"line":296,"column":0},"end":{"line":296,"column":58}},"296":{"start":{"line":297,"column":0},"end":{"line":297,"column":3}},"300":{"start":{"line":301,"column":0},"end":{"line":301,"column":59}},"301":{"start":{"line":302,"column":0},"end":{"line":302,"column":38}},"302":{"start":{"line":303,"column":0},"end":{"line":303,"column":31}},"303":{"start":{"line":304,"column":0},"end":{"line":304,"column":5}},"305":{"start":{"line":306,"column":0},"end":{"line":306,"column":46}},"306":{"start":{"line":307,"column":0},"end":{"line":307,"column":11}},"307":{"start":{"line":308,"column":0},"end":{"line":308,"column":55}},"308":{"start":{"line":309,"column":0},"end":{"line":309,"column":23}},"310":{"start":{"line":311,"column":0},"end":{"line":311,"column":33}},"311":{"start":{"line":312,"column":0},"end":{"line":312,"column":7}},"312":{"start":{"line":313,"column":0},"end":{"line":313,"column":5}},"314":{"start":{"line":315,"column":0},"end":{"line":315,"column":9}},"315":{"start":{"line":316,"column":0},"end":{"line":316,"column":78}},"316":{"start":{"line":317,"column":0},"end":{"line":317,"column":21}},"318":{"start":{"line":319,"column":0},"end":{"line":319,"column":31}},"319":{"start":{"line":320,"column":0},"end":{"line":320,"column":5}},"320":{"start":{"line":321,"column":0},"end":{"line":321,"column":3}},"322":{"start":{"line":323,"column":0},"end":{"line":323,"column":77}},"323":{"start":{"line":324,"column":0},"end":{"line":324,"column":25}},"324":{"start":{"line":325,"column":0},"end":{"line":325,"column":50}},"325":{"start":{"line":326,"column":0},"end":{"line":326,"column":5}},"327":{"start":{"line":328,"column":0},"end":{"line":328,"column":58}},"328":{"start":{"line":329,"column":0},"end":{"line":329,"column":18}},"329":{"start":{"line":330,"column":0},"end":{"line":330,"column":38}},"330":{"start":{"line":331,"column":0},"end":{"line":331,"column":5}},"332":{"start":{"line":333,"column":0},"end":{"line":333,"column":71}},"334":{"start":{"line":335,"column":0},"end":{"line":335,"column":33}},"335":{"start":{"line":336,"column":0},"end":{"line":336,"column":38}},"336":{"start":{"line":337,"column":0},"end":{"line":337,"column":5}},"338":{"start":{"line":339,"column":0},"end":{"line":339,"column":46}},"339":{"start":{"line":340,"column":0},"end":{"line":340,"column":37}},"340":{"start":{"line":341,"column":0},"end":{"line":341,"column":14}},"341":{"start":{"line":342,"column":0},"end":{"line":342,"column":46}},"342":{"start":{"line":343,"column":0},"end":{"line":343,"column":70}},"343":{"start":{"line":344,"column":0},"end":{"line":344,"column":8}},"344":{"start":{"line":345,"column":0},"end":{"line":345,"column":68}},"345":{"start":{"line":346,"column":0},"end":{"line":346,"column":3}},"349":{"start":{"line":350,"column":0},"end":{"line":350,"column":55}},"350":{"start":{"line":351,"column":0},"end":{"line":351,"column":38}},"351":{"start":{"line":352,"column":0},"end":{"line":352,"column":32}},"352":{"start":{"line":353,"column":0},"end":{"line":353,"column":5}},"354":{"start":{"line":355,"column":0},"end":{"line":355,"column":46}},"355":{"start":{"line":356,"column":0},"end":{"line":356,"column":11}},"356":{"start":{"line":357,"column":0},"end":{"line":357,"column":56}},"357":{"start":{"line":358,"column":0},"end":{"line":358,"column":23}},"359":{"start":{"line":360,"column":0},"end":{"line":360,"column":34}},"360":{"start":{"line":361,"column":0},"end":{"line":361,"column":7}},"361":{"start":{"line":362,"column":0},"end":{"line":362,"column":5}},"363":{"start":{"line":364,"column":0},"end":{"line":364,"column":9}},"364":{"start":{"line":365,"column":0},"end":{"line":365,"column":74}},"365":{"start":{"line":366,"column":0},"end":{"line":366,"column":21}},"367":{"start":{"line":368,"column":0},"end":{"line":368,"column":32}},"368":{"start":{"line":369,"column":0},"end":{"line":369,"column":5}},"369":{"start":{"line":370,"column":0},"end":{"line":370,"column":3}},"371":{"start":{"line":372,"column":0},"end":{"line":372,"column":73}},"372":{"start":{"line":373,"column":0},"end":{"line":373,"column":25}},"373":{"start":{"line":374,"column":0},"end":{"line":374,"column":50}},"374":{"start":{"line":375,"column":0},"end":{"line":375,"column":5}},"376":{"start":{"line":377,"column":0},"end":{"line":377,"column":59}},"377":{"start":{"line":378,"column":0},"end":{"line":378,"column":18}},"378":{"start":{"line":379,"column":0},"end":{"line":379,"column":38}},"379":{"start":{"line":380,"column":0},"end":{"line":380,"column":5}},"381":{"start":{"line":382,"column":0},"end":{"line":382,"column":71}},"383":{"start":{"line":384,"column":0},"end":{"line":384,"column":33}},"384":{"start":{"line":385,"column":0},"end":{"line":385,"column":38}},"385":{"start":{"line":386,"column":0},"end":{"line":386,"column":5}},"387":{"start":{"line":388,"column":0},"end":{"line":388,"column":53}},"388":{"start":{"line":389,"column":0},"end":{"line":389,"column":37}},"389":{"start":{"line":390,"column":0},"end":{"line":390,"column":14}},"390":{"start":{"line":391,"column":0},"end":{"line":391,"column":59}},"391":{"start":{"line":392,"column":0},"end":{"line":392,"column":53}},"392":{"start":{"line":393,"column":0},"end":{"line":393,"column":45}},"393":{"start":{"line":394,"column":0},"end":{"line":394,"column":46}},"394":{"start":{"line":395,"column":0},"end":{"line":395,"column":65}},"395":{"start":{"line":396,"column":0},"end":{"line":396,"column":61}},"396":{"start":{"line":397,"column":0},"end":{"line":397,"column":51}},"397":{"start":{"line":398,"column":0},"end":{"line":398,"column":50}},"398":{"start":{"line":399,"column":0},"end":{"line":399,"column":84}},"399":{"start":{"line":400,"column":0},"end":{"line":400,"column":8}},"400":{"start":{"line":401,"column":0},"end":{"line":401,"column":64}},"401":{"start":{"line":402,"column":0},"end":{"line":402,"column":3}},"405":{"start":{"line":406,"column":0},"end":{"line":406,"column":57}},"406":{"start":{"line":407,"column":0},"end":{"line":407,"column":38}},"407":{"start":{"line":408,"column":0},"end":{"line":408,"column":33}},"408":{"start":{"line":409,"column":0},"end":{"line":409,"column":5}},"410":{"start":{"line":411,"column":0},"end":{"line":411,"column":46}},"411":{"start":{"line":412,"column":0},"end":{"line":412,"column":11}},"412":{"start":{"line":413,"column":0},"end":{"line":413,"column":57}},"413":{"start":{"line":414,"column":0},"end":{"line":414,"column":23}},"415":{"start":{"line":416,"column":0},"end":{"line":416,"column":35}},"416":{"start":{"line":417,"column":0},"end":{"line":417,"column":7}},"417":{"start":{"line":418,"column":0},"end":{"line":418,"column":5}},"419":{"start":{"line":420,"column":0},"end":{"line":420,"column":9}},"420":{"start":{"line":421,"column":0},"end":{"line":421,"column":76}},"421":{"start":{"line":422,"column":0},"end":{"line":422,"column":21}},"423":{"start":{"line":424,"column":0},"end":{"line":424,"column":33}},"424":{"start":{"line":425,"column":0},"end":{"line":425,"column":5}},"425":{"start":{"line":426,"column":0},"end":{"line":426,"column":3}},"427":{"start":{"line":428,"column":0},"end":{"line":428,"column":75}},"428":{"start":{"line":429,"column":0},"end":{"line":429,"column":25}},"429":{"start":{"line":430,"column":0},"end":{"line":430,"column":50}},"430":{"start":{"line":431,"column":0},"end":{"line":431,"column":5}},"432":{"start":{"line":433,"column":0},"end":{"line":433,"column":60}},"433":{"start":{"line":434,"column":0},"end":{"line":434,"column":18}},"434":{"start":{"line":435,"column":0},"end":{"line":435,"column":38}},"435":{"start":{"line":436,"column":0},"end":{"line":436,"column":5}},"437":{"start":{"line":438,"column":0},"end":{"line":438,"column":71}},"439":{"start":{"line":440,"column":0},"end":{"line":440,"column":33}},"440":{"start":{"line":441,"column":0},"end":{"line":441,"column":38}},"441":{"start":{"line":442,"column":0},"end":{"line":442,"column":5}},"443":{"start":{"line":444,"column":0},"end":{"line":444,"column":53}},"444":{"start":{"line":445,"column":0},"end":{"line":445,"column":37}},"445":{"start":{"line":446,"column":0},"end":{"line":446,"column":14}},"446":{"start":{"line":447,"column":0},"end":{"line":447,"column":60}},"447":{"start":{"line":448,"column":0},"end":{"line":448,"column":53}},"448":{"start":{"line":449,"column":0},"end":{"line":449,"column":45}},"449":{"start":{"line":450,"column":0},"end":{"line":450,"column":46}},"450":{"start":{"line":451,"column":0},"end":{"line":451,"column":65}},"451":{"start":{"line":452,"column":0},"end":{"line":452,"column":61}},"452":{"start":{"line":453,"column":0},"end":{"line":453,"column":51}},"453":{"start":{"line":454,"column":0},"end":{"line":454,"column":50}},"454":{"start":{"line":455,"column":0},"end":{"line":455,"column":53}},"455":{"start":{"line":456,"column":0},"end":{"line":456,"column":8}},"456":{"start":{"line":457,"column":0},"end":{"line":457,"column":65}},"457":{"start":{"line":458,"column":0},"end":{"line":458,"column":3}},"461":{"start":{"line":462,"column":0},"end":{"line":462,"column":40}},"462":{"start":{"line":463,"column":0},"end":{"line":463,"column":38}},"463":{"start":{"line":464,"column":0},"end":{"line":464,"column":25}},"464":{"start":{"line":465,"column":0},"end":{"line":465,"column":5}},"466":{"start":{"line":467,"column":0},"end":{"line":467,"column":46}},"467":{"start":{"line":468,"column":0},"end":{"line":468,"column":11}},"468":{"start":{"line":469,"column":0},"end":{"line":469,"column":49}},"469":{"start":{"line":470,"column":0},"end":{"line":470,"column":23}},"471":{"start":{"line":472,"column":0},"end":{"line":472,"column":27}},"472":{"start":{"line":473,"column":0},"end":{"line":473,"column":7}},"473":{"start":{"line":474,"column":0},"end":{"line":474,"column":5}},"475":{"start":{"line":476,"column":0},"end":{"line":476,"column":9}},"476":{"start":{"line":477,"column":0},"end":{"line":477,"column":54}},"477":{"start":{"line":478,"column":0},"end":{"line":478,"column":21}},"479":{"start":{"line":480,"column":0},"end":{"line":480,"column":25}},"480":{"start":{"line":481,"column":0},"end":{"line":481,"column":5}},"481":{"start":{"line":482,"column":0},"end":{"line":482,"column":3}},"483":{"start":{"line":484,"column":0},"end":{"line":484,"column":58}},"484":{"start":{"line":485,"column":0},"end":{"line":485,"column":86}},"485":{"start":{"line":486,"column":0},"end":{"line":486,"column":40}},"486":{"start":{"line":487,"column":0},"end":{"line":487,"column":41}},"487":{"start":{"line":488,"column":0},"end":{"line":488,"column":36}},"488":{"start":{"line":489,"column":0},"end":{"line":489,"column":37}},"489":{"start":{"line":490,"column":0},"end":{"line":490,"column":7}},"491":{"start":{"line":492,"column":0},"end":{"line":492,"column":42}},"492":{"start":{"line":493,"column":0},"end":{"line":493,"column":19}},"493":{"start":{"line":494,"column":0},"end":{"line":494,"column":44}},"494":{"start":{"line":495,"column":0},"end":{"line":495,"column":42}},"495":{"start":{"line":496,"column":0},"end":{"line":496,"column":19}},"496":{"start":{"line":497,"column":0},"end":{"line":497,"column":6}},"498":{"start":{"line":499,"column":0},"end":{"line":499,"column":67}},"500":{"start":{"line":501,"column":0},"end":{"line":501,"column":91}},"502":{"start":{"line":503,"column":0},"end":{"line":503,"column":82}},"503":{"start":{"line":504,"column":0},"end":{"line":504,"column":78}},"504":{"start":{"line":505,"column":0},"end":{"line":505,"column":89}},"506":{"start":{"line":507,"column":0},"end":{"line":507,"column":12}},"507":{"start":{"line":508,"column":0},"end":{"line":508,"column":25}},"508":{"start":{"line":509,"column":0},"end":{"line":509,"column":29}},"509":{"start":{"line":510,"column":0},"end":{"line":510,"column":27}},"510":{"start":{"line":511,"column":0},"end":{"line":511,"column":38}},"511":{"start":{"line":512,"column":0},"end":{"line":512,"column":21}},"512":{"start":{"line":513,"column":0},"end":{"line":513,"column":6}},"513":{"start":{"line":514,"column":0},"end":{"line":514,"column":3}},"517":{"start":{"line":518,"column":0},"end":{"line":518,"column":40}},"518":{"start":{"line":519,"column":0},"end":{"line":519,"column":38}},"519":{"start":{"line":520,"column":0},"end":{"line":520,"column":43}},"520":{"start":{"line":521,"column":0},"end":{"line":521,"column":5}},"522":{"start":{"line":523,"column":0},"end":{"line":523,"column":46}},"523":{"start":{"line":524,"column":0},"end":{"line":524,"column":11}},"524":{"start":{"line":525,"column":0},"end":{"line":525,"column":70}},"525":{"start":{"line":526,"column":0},"end":{"line":526,"column":63}},"526":{"start":{"line":527,"column":0},"end":{"line":527,"column":23}},"528":{"start":{"line":529,"column":0},"end":{"line":529,"column":45}},"529":{"start":{"line":530,"column":0},"end":{"line":530,"column":7}},"530":{"start":{"line":531,"column":0},"end":{"line":531,"column":5}},"532":{"start":{"line":533,"column":0},"end":{"line":533,"column":9}},"533":{"start":{"line":534,"column":0},"end":{"line":534,"column":107}},"534":{"start":{"line":535,"column":0},"end":{"line":535,"column":21}},"536":{"start":{"line":537,"column":0},"end":{"line":537,"column":43}},"537":{"start":{"line":538,"column":0},"end":{"line":538,"column":5}},"538":{"start":{"line":539,"column":0},"end":{"line":539,"column":3}},"540":{"start":{"line":541,"column":0},"end":{"line":541,"column":70}},"541":{"start":{"line":542,"column":0},"end":{"line":542,"column":12}},"542":{"start":{"line":543,"column":0},"end":{"line":543,"column":108}},"543":{"start":{"line":544,"column":0},"end":{"line":544,"column":108}},"544":{"start":{"line":545,"column":0},"end":{"line":545,"column":105}},"545":{"start":{"line":546,"column":0},"end":{"line":546,"column":105}},"546":{"start":{"line":547,"column":0},"end":{"line":547,"column":6}},"547":{"start":{"line":548,"column":0},"end":{"line":548,"column":3}},"551":{"start":{"line":552,"column":0},"end":{"line":552,"column":63}},"552":{"start":{"line":553,"column":0},"end":{"line":553,"column":56}},"553":{"start":{"line":554,"column":0},"end":{"line":554,"column":40}},"555":{"start":{"line":556,"column":0},"end":{"line":556,"column":39}},"556":{"start":{"line":557,"column":0},"end":{"line":557,"column":20}},"557":{"start":{"line":558,"column":0},"end":{"line":558,"column":16}},"558":{"start":{"line":559,"column":0},"end":{"line":559,"column":43}},"559":{"start":{"line":560,"column":0},"end":{"line":560,"column":8}},"560":{"start":{"line":561,"column":0},"end":{"line":561,"column":7}},"562":{"start":{"line":563,"column":0},"end":{"line":563,"column":23}},"563":{"start":{"line":564,"column":0},"end":{"line":564,"column":77}},"564":{"start":{"line":565,"column":0},"end":{"line":565,"column":5}},"566":{"start":{"line":567,"column":0},"end":{"line":567,"column":27}},"567":{"start":{"line":568,"column":0},"end":{"line":568,"column":3}},"568":{"start":{"line":569,"column":0},"end":{"line":569,"column":1}},"572":{"start":{"line":573,"column":0},"end":{"line":573,"column":54}}},"s":{"23":0,"33":0,"35":0,"61":0,"63":0,"64":0,"65":0,"66":0,"67":0,"68":0,"69":0,"71":0,"72":0,"73":0,"75":0,"76":0,"77":0,"78":0,"80":0,"81":0,"85":0,"86":0,"88":0,"90":0,"92":0,"93":0,"94":0,"95":0,"96":0,"97":0,"98":0,"99":0,"104":0,"105":0,"106":0,"107":0,"109":0,"110":0,"111":0,"115":0,"116":0,"117":0,"118":0,"120":0,"121":0,"122":0,"123":0,"125":0,"126":0,"127":0,"130":0,"131":0,"132":0,"133":0,"135":0,"136":0,"137":0,"139":0,"140":0,"141":0,"142":0,"144":0,"145":0,"146":0,"147":0,"149":0,"151":0,"152":0,"153":0,"155":0,"156":0,"157":0,"158":0,"159":0,"160":0,"161":0,"162":0,"163":0,"164":0,"165":0,"166":0,"167":0,"168":0,"169":0,"170":0,"171":0,"172":0,"174":0,"175":0,"179":0,"180":0,"181":0,"182":0,"184":0,"185":0,"186":0,"187":0,"189":0,"190":0,"191":0,"193":0,"194":0,"195":0,"197":0,"198":0,"199":0,"201":0,"202":0,"203":0,"204":0,"206":0,"207":0,"208":0,"209":0,"211":0,"213":0,"214":0,"215":0,"217":0,"218":0,"219":0,"220":0,"221":0,"222":0,"223":0,"224":0,"225":0,"226":0,"227":0,"228":0,"229":0,"230":0,"231":0,"232":0,"233":0,"234":0,"235":0,"236":0,"237":0,"241":0,"242":0,"243":0,"244":0,"246":0,"247":0,"248":0,"249":0,"251":0,"252":0,"253":0,"255":0,"256":0,"257":0,"259":0,"260":0,"261":0,"263":0,"264":0,"265":0,"266":0,"268":0,"269":0,"270":0,"271":0,"273":0,"275":0,"276":0,"277":0,"279":0,"280":0,"281":0,"282":0,"283":0,"284":0,"285":0,"286":0,"287":0,"288":0,"289":0,"290":0,"291":0,"292":0,"293":0,"294":0,"295":0,"296":0,"300":0,"301":0,"302":0,"303":0,"305":0,"306":0,"307":0,"308":0,"310":0,"311":0,"312":0,"314":0,"315":0,"316":0,"318":0,"319":0,"320":0,"322":0,"323":0,"324":0,"325":0,"327":0,"328":0,"329":0,"330":0,"332":0,"334":0,"335":0,"336":0,"338":0,"339":0,"340":0,"341":0,"342":0,"343":0,"344":0,"345":0,"349":0,"350":0,"351":0,"352":0,"354":0,"355":0,"356":0,"357":0,"359":0,"360":0,"361":0,"363":0,"364":0,"365":0,"367":0,"368":0,"369":0,"371":0,"372":0,"373":0,"374":0,"376":0,"377":0,"378":0,"379":0,"381":0,"383":0,"384":0,"385":0,"387":0,"388":0,"389":0,"390":0,"391":0,"392":0,"393":0,"394":0,"395":0,"396":0,"397":0,"398":0,"399":0,"400":0,"401":0,"405":0,"406":0,"407":0,"408":0,"410":0,"411":0,"412":0,"413":0,"415":0,"416":0,"417":0,"419":0,"420":0,"421":0,"423":0,"424":0,"425":0,"427":0,"428":0,"429":0,"430":0,"432":0,"433":0,"434":0,"435":0,"437":0,"439":0,"440":0,"441":0,"443":0,"444":0,"445":0,"446":0,"447":0,"448":0,"449":0,"450":0,"451":0,"452":0,"453":0,"454":0,"455":0,"456":0,"457":0,"461":0,"462":0,"463":0,"464":0,"466":0,"467":0,"468":0,"469":0,"471":0,"472":0,"473":0,"475":0,"476":0,"477":0,"479":0,"480":0,"481":0,"483":0,"484":0,"485":0,"486":0,"487":0,"488":0,"489":0,"491":0,"492":0,"493":0,"494":0,"495":0,"496":0,"498":0,"500":0,"502":0,"503":0,"504":0,"506":0,"507":0,"508":0,"509":0,"510":0,"511":0,"512":0,"513":0,"517":0,"518":0,"519":0,"520":0,"522":0,"523":0,"524":0,"525":0,"526":0,"528":0,"529":0,"530":0,"532":0,"533":0,"534":0,"536":0,"537":0,"538":0,"540":0,"541":0,"542":0,"543":0,"544":0,"545":0,"546":0,"547":0,"551":0,"552":0,"553":0,"555":0,"556":0,"557":0,"558":0,"559":0,"560":0,"562":0,"563":0,"564":0,"566":0,"567":0,"568":0,"572":0},"branchMap":{"0":{"type":"branch","line":1,"loc":{"start":{"line":1,"column":17422},"end":{"line":573,"column":54}},"locations":[{"start":{"line":1,"column":17422},"end":{"line":573,"column":54}}]}},"b":{"0":[1]},"fnMap":{"0":{"name":"(empty-report)","decl":{"start":{"line":1,"column":17422},"end":{"line":573,"column":54}},"loc":{"start":{"line":1,"column":17422},"end":{"line":573,"column":54}},"line":1}},"f":{"0":1}}
,"/Users/chouray/WorkBuddy/2026-05-25-10-01-22/cross-wms/src/capabilities/warehouse/index.ts": {"path":"/Users/chouray/WorkBuddy/2026-05-25-10-01-22/cross-wms/src/capabilities/warehouse/index.ts","all":true,"statementMap":{"8":{"start":{"line":9,"column":0},"end":{"line":9,"column":8}},"36":{"start":{"line":37,"column":0},"end":{"line":37,"column":8}},"44":{"start":{"line":45,"column":0},"end":{"line":45,"column":8}}},"s":{"8":0,"36":0,"44":0},"branchMap":{"0":{"type":"branch","line":1,"loc":{"start":{"line":1,"column":966},"end":{"line":49,"column":34}},"locations":[{"start":{"line":1,"column":966},"end":{"line":49,"column":34}}]}},"b":{"0":[1]},"fnMap":{"0":{"name":"(empty-report)","decl":{"start":{"line":1,"column":966},"end":{"line":49,"column":34}},"loc":{"start":{"line":1,"column":966},"end":{"line":49,"column":34}},"line":1}},"f":{"0":1}}
,"/Users/chouray/WorkBuddy/2026-05-25-10-01-22/cross-wms/src/capabilities/warehouse/useWarehouseCapability.ts": {"path":"/Users/chouray/WorkBuddy/2026-05-25-10-01-22/cross-wms/src/capabilities/warehouse/useWarehouseCapability.ts","all":true,"statementMap":{"17":{"start":{"line":18,"column":0},"end":{"line":18,"column":86}},"27":{"start":{"line":28,"column":0},"end":{"line":28,"column":8}},"41":{"start":{"line":42,"column":0},"end":{"line":42,"column":46}},"42":{"start":{"line":43,"column":0},"end":{"line":43,"column":70}},"43":{"start":{"line":44,"column":0},"end":{"line":44,"column":73}},"98":{"start":{"line":99,"column":0},"end":{"line":99,"column":110}},"99":{"start":{"line":100,"column":0},"end":{"line":100,"column":9}},"100":{"start":{"line":101,"column":0},"end":{"line":101,"column":29}},"101":{"start":{"line":102,"column":0},"end":{"line":102,"column":20}},"102":{"start":{"line":103,"column":0},"end":{"line":103,"column":44}},"103":{"start":{"line":104,"column":0},"end":{"line":104,"column":52}},"104":{"start":{"line":105,"column":0},"end":{"line":105,"column":14}},"108":{"start":{"line":109,"column":0},"end":{"line":109,"column":51}},"109":{"start":{"line":110,"column":0},"end":{"line":110,"column":79}},"110":{"start":{"line":111,"column":0},"end":{"line":111,"column":79}},"112":{"start":{"line":113,"column":0},"end":{"line":113,"column":70}},"113":{"start":{"line":114,"column":0},"end":{"line":114,"column":103}},"116":{"start":{"line":117,"column":0},"end":{"line":117,"column":64}},"117":{"start":{"line":118,"column":0},"end":{"line":118,"column":73}},"118":{"start":{"line":119,"column":0},"end":{"line":119,"column":66}},"121":{"start":{"line":122,"column":0},"end":{"line":122,"column":79}},"122":{"start":{"line":123,"column":0},"end":{"line":123,"column":76}},"123":{"start":{"line":124,"column":0},"end":{"line":124,"column":79}},"124":{"start":{"line":125,"column":0},"end":{"line":125,"column":63}},"125":{"start":{"line":126,"column":0},"end":{"line":126,"column":136}},"128":{"start":{"line":129,"column":0},"end":{"line":129,"column":47}},"129":{"start":{"line":130,"column":0},"end":{"line":130,"column":58}},"132":{"start":{"line":133,"column":0},"end":{"line":133,"column":50}},"133":{"start":{"line":134,"column":0},"end":{"line":134,"column":34}},"135":{"start":{"line":136,"column":0},"end":{"line":136,"column":19}},"136":{"start":{"line":137,"column":0},"end":{"line":137,"column":30}},"137":{"start":{"line":138,"column":0},"end":{"line":138,"column":18}},"138":{"start":{"line":139,"column":0},"end":{"line":139,"column":33}},"139":{"start":{"line":140,"column":0},"end":{"line":140,"column":6}},"140":{"start":{"line":141,"column":0},"end":{"line":141,"column":9}},"142":{"start":{"line":143,"column":0},"end":{"line":143,"column":37}},"143":{"start":{"line":144,"column":0},"end":{"line":144,"column":32}},"144":{"start":{"line":145,"column":0},"end":{"line":145,"column":9}},"147":{"start":{"line":148,"column":0},"end":{"line":148,"column":19}},"148":{"start":{"line":149,"column":0},"end":{"line":149,"column":50}},"149":{"start":{"line":150,"column":0},"end":{"line":150,"column":38}},"150":{"start":{"line":151,"column":0},"end":{"line":151,"column":38}},"151":{"start":{"line":152,"column":0},"end":{"line":152,"column":44}},"152":{"start":{"line":153,"column":0},"end":{"line":153,"column":36}},"153":{"start":{"line":154,"column":0},"end":{"line":154,"column":7}},"154":{"start":{"line":155,"column":0},"end":{"line":155,"column":17}},"155":{"start":{"line":156,"column":0},"end":{"line":156,"column":9}},"158":{"start":{"line":159,"column":0},"end":{"line":159,"column":19}},"159":{"start":{"line":160,"column":0},"end":{"line":160,"column":34}},"161":{"start":{"line":162,"column":0},"end":{"line":162,"column":26}},"163":{"start":{"line":164,"column":0},"end":{"line":164,"column":44}},"164":{"start":{"line":165,"column":0},"end":{"line":165,"column":23}},"165":{"start":{"line":166,"column":0},"end":{"line":166,"column":21}},"167":{"start":{"line":168,"column":0},"end":{"line":168,"column":11}},"168":{"start":{"line":169,"column":0},"end":{"line":169,"column":50}},"169":{"start":{"line":170,"column":0},"end":{"line":170,"column":42}},"170":{"start":{"line":171,"column":0},"end":{"line":171,"column":43}},"171":{"start":{"line":172,"column":0},"end":{"line":172,"column":44}},"172":{"start":{"line":173,"column":0},"end":{"line":173,"column":36}},"173":{"start":{"line":174,"column":0},"end":{"line":174,"column":54}},"174":{"start":{"line":175,"column":0},"end":{"line":175,"column":11}},"176":{"start":{"line":177,"column":0},"end":{"line":177,"column":30}},"178":{"start":{"line":179,"column":0},"end":{"line":179,"column":82}},"179":{"start":{"line":180,"column":0},"end":{"line":180,"column":81}},"180":{"start":{"line":181,"column":0},"end":{"line":181,"column":82}},"181":{"start":{"line":182,"column":0},"end":{"line":182,"column":80}},"182":{"start":{"line":183,"column":0},"end":{"line":183,"column":85}},"185":{"start":{"line":186,"column":0},"end":{"line":186,"column":135}},"186":{"start":{"line":187,"column":0},"end":{"line":187,"column":44}},"187":{"start":{"line":188,"column":0},"end":{"line":188,"column":45}},"189":{"start":{"line":190,"column":0},"end":{"line":190,"column":11}},"190":{"start":{"line":191,"column":0},"end":{"line":191,"column":11}},"192":{"start":{"line":193,"column":0},"end":{"line":193,"column":34}},"193":{"start":{"line":194,"column":0},"end":{"line":194,"column":34}},"194":{"start":{"line":195,"column":0},"end":{"line":195,"column":36}},"195":{"start":{"line":196,"column":0},"end":{"line":196,"column":24}},"196":{"start":{"line":197,"column":0},"end":{"line":197,"column":49}},"197":{"start":{"line":198,"column":0},"end":{"line":198,"column":21}},"198":{"start":{"line":199,"column":0},"end":{"line":199,"column":30}},"200":{"start":{"line":201,"column":0},"end":{"line":201,"column":64}},"201":{"start":{"line":202,"column":0},"end":{"line":202,"column":17}},"202":{"start":{"line":203,"column":0},"end":{"line":203,"column":42}},"203":{"start":{"line":204,"column":0},"end":{"line":204,"column":7}},"204":{"start":{"line":205,"column":0},"end":{"line":205,"column":6}},"206":{"start":{"line":207,"column":0},"end":{"line":207,"column":25}},"208":{"start":{"line":209,"column":0},"end":{"line":209,"column":18}},"209":{"start":{"line":210,"column":0},"end":{"line":210,"column":23}},"210":{"start":{"line":211,"column":0},"end":{"line":211,"column":6}},"211":{"start":{"line":212,"column":0},"end":{"line":212,"column":37}},"214":{"start":{"line":215,"column":0},"end":{"line":215,"column":19}},"215":{"start":{"line":216,"column":0},"end":{"line":216,"column":54}},"216":{"start":{"line":217,"column":0},"end":{"line":217,"column":24}},"217":{"start":{"line":218,"column":0},"end":{"line":218,"column":5}},"218":{"start":{"line":219,"column":0},"end":{"line":219,"column":37}},"221":{"start":{"line":222,"column":0},"end":{"line":222,"column":19}},"222":{"start":{"line":223,"column":0},"end":{"line":223,"column":54}},"223":{"start":{"line":224,"column":0},"end":{"line":224,"column":56}},"224":{"start":{"line":225,"column":0},"end":{"line":225,"column":18}},"225":{"start":{"line":226,"column":0},"end":{"line":226,"column":7}},"226":{"start":{"line":227,"column":0},"end":{"line":227,"column":6}},"228":{"start":{"line":229,"column":0},"end":{"line":229,"column":60}},"229":{"start":{"line":230,"column":0},"end":{"line":230,"column":76}},"230":{"start":{"line":231,"column":0},"end":{"line":231,"column":16}},"233":{"start":{"line":234,"column":0},"end":{"line":234,"column":19}},"234":{"start":{"line":235,"column":0},"end":{"line":235,"column":38}},"236":{"start":{"line":237,"column":0},"end":{"line":237,"column":37}},"237":{"start":{"line":238,"column":0},"end":{"line":238,"column":16}},"238":{"start":{"line":239,"column":0},"end":{"line":239,"column":33}},"240":{"start":{"line":241,"column":0},"end":{"line":241,"column":38}},"241":{"start":{"line":242,"column":0},"end":{"line":242,"column":64}},"244":{"start":{"line":245,"column":0},"end":{"line":245,"column":38}},"245":{"start":{"line":246,"column":0},"end":{"line":246,"column":60}},"246":{"start":{"line":247,"column":0},"end":{"line":247,"column":14}},"247":{"start":{"line":248,"column":0},"end":{"line":248,"column":19}},"248":{"start":{"line":249,"column":0},"end":{"line":249,"column":22}},"249":{"start":{"line":250,"column":0},"end":{"line":250,"column":18}},"250":{"start":{"line":251,"column":0},"end":{"line":251,"column":22}},"251":{"start":{"line":252,"column":0},"end":{"line":252,"column":23}},"252":{"start":{"line":253,"column":0},"end":{"line":253,"column":24}},"253":{"start":{"line":254,"column":0},"end":{"line":254,"column":16}},"254":{"start":{"line":255,"column":0},"end":{"line":255,"column":34}},"255":{"start":{"line":256,"column":0},"end":{"line":256,"column":8}},"256":{"start":{"line":257,"column":0},"end":{"line":257,"column":5}},"259":{"start":{"line":260,"column":0},"end":{"line":260,"column":82}},"260":{"start":{"line":261,"column":0},"end":{"line":261,"column":55}},"261":{"start":{"line":262,"column":0},"end":{"line":262,"column":89}},"262":{"start":{"line":263,"column":0},"end":{"line":263,"column":6}},"263":{"start":{"line":264,"column":0},"end":{"line":264,"column":95}},"264":{"start":{"line":265,"column":0},"end":{"line":265,"column":92}},"265":{"start":{"line":266,"column":0},"end":{"line":266,"column":94}},"268":{"start":{"line":269,"column":0},"end":{"line":269,"column":42}},"269":{"start":{"line":270,"column":0},"end":{"line":270,"column":27}},"270":{"start":{"line":271,"column":0},"end":{"line":271,"column":46}},"271":{"start":{"line":272,"column":0},"end":{"line":272,"column":42}},"272":{"start":{"line":273,"column":0},"end":{"line":273,"column":19}},"273":{"start":{"line":274,"column":0},"end":{"line":274,"column":6}},"275":{"start":{"line":276,"column":0},"end":{"line":276,"column":63}},"276":{"start":{"line":277,"column":0},"end":{"line":277,"column":137}},"277":{"start":{"line":278,"column":0},"end":{"line":278,"column":10}},"278":{"start":{"line":279,"column":0},"end":{"line":279,"column":62}},"279":{"start":{"line":280,"column":0},"end":{"line":280,"column":133}},"280":{"start":{"line":281,"column":0},"end":{"line":281,"column":10}},"281":{"start":{"line":282,"column":0},"end":{"line":282,"column":121}},"283":{"start":{"line":284,"column":0},"end":{"line":284,"column":94}},"285":{"start":{"line":286,"column":0},"end":{"line":286,"column":90}},"286":{"start":{"line":287,"column":0},"end":{"line":287,"column":78}},"287":{"start":{"line":288,"column":0},"end":{"line":288,"column":89}},"289":{"start":{"line":290,"column":0},"end":{"line":290,"column":38}},"290":{"start":{"line":291,"column":0},"end":{"line":291,"column":25}},"291":{"start":{"line":292,"column":0},"end":{"line":292,"column":29}},"292":{"start":{"line":293,"column":0},"end":{"line":293,"column":27}},"293":{"start":{"line":294,"column":0},"end":{"line":294,"column":59}},"294":{"start":{"line":295,"column":0},"end":{"line":295,"column":21}},"295":{"start":{"line":296,"column":0},"end":{"line":296,"column":6}},"298":{"start":{"line":299,"column":0},"end":{"line":299,"column":40}},"299":{"start":{"line":300,"column":0},"end":{"line":300,"column":118}},"300":{"start":{"line":301,"column":0},"end":{"line":301,"column":118}},"301":{"start":{"line":302,"column":0},"end":{"line":302,"column":115}},"302":{"start":{"line":303,"column":0},"end":{"line":303,"column":115}},"303":{"start":{"line":304,"column":0},"end":{"line":304,"column":6}},"305":{"start":{"line":306,"column":0},"end":{"line":306,"column":12}},"306":{"start":{"line":307,"column":0},"end":{"line":307,"column":37}},"307":{"start":{"line":308,"column":0},"end":{"line":308,"column":43}},"308":{"start":{"line":309,"column":0},"end":{"line":309,"column":35}},"309":{"start":{"line":310,"column":0},"end":{"line":310,"column":20}},"310":{"start":{"line":311,"column":0},"end":{"line":311,"column":38}},"311":{"start":{"line":312,"column":0},"end":{"line":312,"column":40}},"312":{"start":{"line":313,"column":0},"end":{"line":313,"column":31}},"313":{"start":{"line":314,"column":0},"end":{"line":314,"column":60}},"314":{"start":{"line":315,"column":0},"end":{"line":315,"column":6}},"315":{"start":{"line":316,"column":0},"end":{"line":316,"column":119}},"319":{"start":{"line":320,"column":0},"end":{"line":320,"column":79}},"320":{"start":{"line":321,"column":0},"end":{"line":321,"column":37}},"321":{"start":{"line":322,"column":0},"end":{"line":322,"column":9}},"323":{"start":{"line":324,"column":0},"end":{"line":324,"column":62}},"324":{"start":{"line":325,"column":0},"end":{"line":325,"column":41}},"325":{"start":{"line":326,"column":0},"end":{"line":326,"column":9}},"327":{"start":{"line":328,"column":0},"end":{"line":328,"column":65}},"328":{"start":{"line":329,"column":0},"end":{"line":329,"column":38}},"329":{"start":{"line":330,"column":0},"end":{"line":330,"column":9}},"332":{"start":{"line":333,"column":0},"end":{"line":333,"column":10}},"333":{"start":{"line":334,"column":0},"end":{"line":334,"column":20}},"334":{"start":{"line":335,"column":0},"end":{"line":335,"column":12}},"335":{"start":{"line":336,"column":0},"end":{"line":336,"column":10}},"336":{"start":{"line":337,"column":0},"end":{"line":337,"column":12}},"337":{"start":{"line":338,"column":0},"end":{"line":338,"column":21}},"338":{"start":{"line":339,"column":0},"end":{"line":339,"column":49}},"339":{"start":{"line":340,"column":0},"end":{"line":340,"column":36}},"340":{"start":{"line":341,"column":0},"end":{"line":341,"column":42}},"341":{"start":{"line":342,"column":0},"end":{"line":342,"column":42}},"342":{"start":{"line":343,"column":0},"end":{"line":343,"column":42}},"343":{"start":{"line":344,"column":0},"end":{"line":344,"column":48}},"344":{"start":{"line":345,"column":0},"end":{"line":345,"column":48}},"345":{"start":{"line":346,"column":0},"end":{"line":346,"column":44}},"346":{"start":{"line":347,"column":0},"end":{"line":347,"column":50}},"347":{"start":{"line":348,"column":0},"end":{"line":348,"column":50}},"348":{"start":{"line":349,"column":0},"end":{"line":349,"column":19}},"349":{"start":{"line":350,"column":0},"end":{"line":350,"column":4}},"350":{"start":{"line":351,"column":0},"end":{"line":351,"column":1}}},"s":{"17":0,"27":0,"41":0,"42":0,"43":0,"98":0,"99":0,"100":0,"101":0,"102":0,"103":0,"104":0,"108":0,"109":0,"110":0,"112":0,"113":0,"116":0,"117":0,"118":0,"121":0,"122":0,"123":0,"124":0,"125":0,"128":0,"129":0,"132":0,"133":0,"135":0,"136":0,"137":0,"138":0,"139":0,"140":0,"142":0,"143":0,"144":0,"147":0,"148":0,"149":0,"150":0,"151":0,"152":0,"153":0,"154":0,"155":0,"158":0,"159":0,"161":0,"163":0,"164":0,"165":0,"167":0,"168":0,"169":0,"170":0,"171":0,"172":0,"173":0,"174":0,"176":0,"178":0,"179":0,"180":0,"181":0,"182":0,"185":0,"186":0,"187":0,"189":0,"190":0,"192":0,"193":0,"194":0,"195":0,"196":0,"197":0,"198":0,"200":0,"201":0,"202":0,"203":0,"204":0,"206":0,"208":0,"209":0,"210":0,"211":0,"214":0,"215":0,"216":0,"217":0,"218":0,"221":0,"222":0,"223":0,"224":0,"225":0,"226":0,"228":0,"229":0,"230":0,"233":0,"234":0,"236":0,"237":0,"238":0,"240":0,"241":0,"244":0,"245":0,"246":0,"247":0,"248":0,"249":0,"250":0,"251":0,"252":0,"253":0,"254":0,"255":0,"256":0,"259":0,"260":0,"261":0,"262":0,"263":0,"264":0,"265":0,"268":0,"269":0,"270":0,"271":0,"272":0,"273":0,"275":0,"276":0,"277":0,"278":0,"279":0,"280":0,"281":0,"283":0,"285":0,"286":0,"287":0,"289":0,"290":0,"291":0,"292":0,"293":0,"294":0,"295":0,"298":0,"299":0,"300":0,"301":0,"302":0,"303":0,"305":0,"306":0,"307":0,"308":0,"309":0,"310":0,"311":0,"312":0,"313":0,"314":0,"315":0,"319":0,"320":0,"321":0,"323":0,"324":0,"325":0,"327":0,"328":0,"329":0,"332":0,"333":0,"334":0,"335":0,"336":0,"337":0,"338":0,"339":0,"340":0,"341":0,"342":0,"343":0,"344":0,"345":0,"346":0,"347":0,"348":0,"349":0,"350":0},"branchMap":{"0":{"type":"branch","line":1,"loc":{"start":{"line":1,"column":12169},"end":{"line":351,"column":1}},"locations":[{"start":{"line":1,"column":12169},"end":{"line":351,"column":1}}]}},"b":{"0":[1]},"fnMap":{"0":{"name":"(empty-report)","decl":{"start":{"line":1,"column":12169},"end":{"line":351,"column":1}},"loc":{"start":{"line":1,"column":12169},"end":{"line":351,"column":1}},"line":1}},"f":{"0":1}}
,"/Users/chouray/WorkBuddy/2026-05-25-10-01-22/cross-wms/src/capabilities/warehouse/warehouseCapabilityStore.ts": {"path":"/Users/chouray/WorkBuddy/2026-05-25-10-01-22/cross-wms/src/capabilities/warehouse/warehouseCapabilityStore.ts","all":false,"statementMap":{"15":{"start":{"line":16,"column":0},"end":{"line":16,"column":42}},"29":{"start":{"line":30,"column":0},"end":{"line":30,"column":37}},"30":{"start":{"line":31,"column":0},"end":{"line":31,"column":38}},"31":{"start":{"line":32,"column":0},"end":{"line":32,"column":41}},"33":{"start":{"line":34,"column":0},"end":{"line":34,"column":48}},"36":{"start":{"line":37,"column":0},"end":{"line":37,"column":28}},"37":{"start":{"line":38,"column":0},"end":{"line":38,"column":43}},"38":{"start":{"line":39,"column":0},"end":{"line":39,"column":36}},"39":{"start":{"line":40,"column":0},"end":{"line":40,"column":37}},"40":{"start":{"line":41,"column":0},"end":{"line":41,"column":35}},"41":{"start":{"line":42,"column":0},"end":{"line":42,"column":4}},"42":{"start":{"line":43,"column":0},"end":{"line":43,"column":29}},"43":{"start":{"line":44,"column":0},"end":{"line":44,"column":9}},"44":{"start":{"line":45,"column":0},"end":{"line":45,"column":16}},"45":{"start":{"line":46,"column":0},"end":{"line":46,"column":17}},"47":{"start":{"line":48,"column":0},"end":{"line":48,"column":5}},"48":{"start":{"line":49,"column":0},"end":{"line":49,"column":5}},"49":{"start":{"line":50,"column":0},"end":{"line":50,"column":1}},"54":{"start":{"line":55,"column":0},"end":{"line":55,"column":79}},"55":{"start":{"line":56,"column":0},"end":{"line":56,"column":26}},"57":{"start":{"line":58,"column":0},"end":{"line":58,"column":12}},"58":{"start":{"line":59,"column":0},"end":{"line":59,"column":36}},"59":{"start":{"line":60,"column":0},"end":{"line":60,"column":37}},"60":{"start":{"line":61,"column":0},"end":{"line":61,"column":35}},"61":{"start":{"line":62,"column":0},"end":{"line":62,"column":5}},"62":{"start":{"line":63,"column":0},"end":{"line":63,"column":16}},"63":{"start":{"line":64,"column":0},"end":{"line":64,"column":31}},"64":{"start":{"line":65,"column":0},"end":{"line":65,"column":4}},"65":{"start":{"line":66,"column":0},"end":{"line":66,"column":1}},"68":{"start":{"line":69,"column":0},"end":{"line":69,"column":94}},"69":{"start":{"line":70,"column":0},"end":{"line":70,"column":68}},"70":{"start":{"line":71,"column":0},"end":{"line":71,"column":1}},"75":{"start":{"line":76,"column":0},"end":{"line":76,"column":46}},"76":{"start":{"line":77,"column":0},"end":{"line":77,"column":29}},"77":{"start":{"line":78,"column":0},"end":{"line":78,"column":1}},"80":{"start":{"line":81,"column":0},"end":{"line":81,"column":69}},"81":{"start":{"line":82,"column":0},"end":{"line":82,"column":49}},"82":{"start":{"line":83,"column":0},"end":{"line":83,"column":1}},"85":{"start":{"line":86,"column":0},"end":{"line":86,"column":51}},"89":{"start":{"line":90,"column":0},"end":{"line":90,"column":3}},"90":{"start":{"line":91,"column":0},"end":{"line":91,"column":10}},"91":{"start":{"line":92,"column":0},"end":{"line":92,"column":55}},"92":{"start":{"line":93,"column":0},"end":{"line":93,"column":92}},"93":{"start":{"line":94,"column":0},"end":{"line":94,"column":72}},"94":{"start":{"line":95,"column":0},"end":{"line":95,"column":4}},"95":{"start":{"line":96,"column":0},"end":{"line":96,"column":1}},"100":{"start":{"line":101,"column":0},"end":{"line":101,"column":65}},"101":{"start":{"line":102,"column":0},"end":{"line":102,"column":33}},"102":{"start":{"line":103,"column":0},"end":{"line":103,"column":14}},"103":{"start":{"line":104,"column":0},"end":{"line":104,"column":1}},"106":{"start":{"line":107,"column":0},"end":{"line":107,"column":73}},"107":{"start":{"line":108,"column":0},"end":{"line":108,"column":7}},"108":{"start":{"line":109,"column":0},"end":{"line":109,"column":57}},"109":{"start":{"line":110,"column":0},"end":{"line":110,"column":50}},"110":{"start":{"line":111,"column":0},"end":{"line":111,"column":16}},"111":{"start":{"line":112,"column":0},"end":{"line":112,"column":15}},"113":{"start":{"line":114,"column":0},"end":{"line":114,"column":119}},"114":{"start":{"line":115,"column":0},"end":{"line":115,"column":12}},"115":{"start":{"line":116,"column":0},"end":{"line":116,"column":3}},"116":{"start":{"line":117,"column":0},"end":{"line":117,"column":1}},"119":{"start":{"line":120,"column":0},"end":{"line":120,"column":74}},"120":{"start":{"line":121,"column":0},"end":{"line":121,"column":7}},"121":{"start":{"line":122,"column":0},"end":{"line":122,"column":65}},"122":{"start":{"line":123,"column":0},"end":{"line":123,"column":82}},"123":{"start":{"line":124,"column":0},"end":{"line":124,"column":16}},"124":{"start":{"line":125,"column":0},"end":{"line":125,"column":15}},"126":{"start":{"line":127,"column":0},"end":{"line":127,"column":122}},"127":{"start":{"line":128,"column":0},"end":{"line":128,"column":12}},"128":{"start":{"line":129,"column":0},"end":{"line":129,"column":3}},"129":{"start":{"line":130,"column":0},"end":{"line":130,"column":1}},"132":{"start":{"line":133,"column":0},"end":{"line":133,"column":75}},"133":{"start":{"line":134,"column":0},"end":{"line":134,"column":7}},"134":{"start":{"line":135,"column":0},"end":{"line":135,"column":43}},"135":{"start":{"line":136,"column":0},"end":{"line":136,"column":72}},"136":{"start":{"line":137,"column":0},"end":{"line":137,"column":16}},"137":{"start":{"line":138,"column":0},"end":{"line":138,"column":15}},"139":{"start":{"line":140,"column":0},"end":{"line":140,"column":122}},"140":{"start":{"line":141,"column":0},"end":{"line":141,"column":12}},"141":{"start":{"line":142,"column":0},"end":{"line":142,"column":3}},"142":{"start":{"line":143,"column":0},"end":{"line":143,"column":1}},"145":{"start":{"line":146,"column":0},"end":{"line":146,"column":41}},"146":{"start":{"line":147,"column":0},"end":{"line":147,"column":22}},"147":{"start":{"line":148,"column":0},"end":{"line":148,"column":14}},"148":{"start":{"line":149,"column":0},"end":{"line":149,"column":1}},"153":{"start":{"line":154,"column":0},"end":{"line":154,"column":52}},"154":{"start":{"line":155,"column":0},"end":{"line":155,"column":27}},"155":{"start":{"line":156,"column":0},"end":{"line":156,"column":1}},"160":{"start":{"line":161,"column":0},"end":{"line":161,"column":67}},"161":{"start":{"line":162,"column":0},"end":{"line":162,"column":27}},"162":{"start":{"line":163,"column":0},"end":{"line":163,"column":14}},"163":{"start":{"line":164,"column":0},"end":{"line":164,"column":1}},"166":{"start":{"line":167,"column":0},"end":{"line":167,"column":75}},"167":{"start":{"line":168,"column":0},"end":{"line":168,"column":7}},"168":{"start":{"line":169,"column":0},"end":{"line":169,"column":56}},"169":{"start":{"line":170,"column":0},"end":{"line":170,"column":46}},"170":{"start":{"line":171,"column":0},"end":{"line":171,"column":16}},"171":{"start":{"line":172,"column":0},"end":{"line":172,"column":15}},"173":{"start":{"line":174,"column":0},"end":{"line":174,"column":122}},"174":{"start":{"line":175,"column":0},"end":{"line":175,"column":12}},"175":{"start":{"line":176,"column":0},"end":{"line":176,"column":3}},"176":{"start":{"line":177,"column":0},"end":{"line":177,"column":1}},"179":{"start":{"line":180,"column":0},"end":{"line":180,"column":80}},"180":{"start":{"line":181,"column":0},"end":{"line":181,"column":7}},"181":{"start":{"line":182,"column":0},"end":{"line":182,"column":68}},"182":{"start":{"line":183,"column":0},"end":{"line":183,"column":78}},"183":{"start":{"line":184,"column":0},"end":{"line":184,"column":16}},"184":{"start":{"line":185,"column":0},"end":{"line":185,"column":15}},"186":{"start":{"line":187,"column":0},"end":{"line":187,"column":125}},"187":{"start":{"line":188,"column":0},"end":{"line":188,"column":12}},"188":{"start":{"line":189,"column":0},"end":{"line":189,"column":3}},"189":{"start":{"line":190,"column":0},"end":{"line":190,"column":1}},"192":{"start":{"line":193,"column":0},"end":{"line":193,"column":74}},"193":{"start":{"line":194,"column":0},"end":{"line":194,"column":7}},"194":{"start":{"line":195,"column":0},"end":{"line":195,"column":42}},"195":{"start":{"line":196,"column":0},"end":{"line":196,"column":64}},"196":{"start":{"line":197,"column":0},"end":{"line":197,"column":16}},"197":{"start":{"line":198,"column":0},"end":{"line":198,"column":15}},"199":{"start":{"line":200,"column":0},"end":{"line":200,"column":125}},"200":{"start":{"line":201,"column":0},"end":{"line":201,"column":12}},"201":{"start":{"line":202,"column":0},"end":{"line":202,"column":3}},"202":{"start":{"line":203,"column":0},"end":{"line":203,"column":1}},"205":{"start":{"line":206,"column":0},"end":{"line":206,"column":44}},"206":{"start":{"line":207,"column":0},"end":{"line":207,"column":20}},"207":{"start":{"line":208,"column":0},"end":{"line":208,"column":14}},"208":{"start":{"line":209,"column":0},"end":{"line":209,"column":1}},"213":{"start":{"line":214,"column":0},"end":{"line":214,"column":54}},"214":{"start":{"line":215,"column":0},"end":{"line":215,"column":29}},"215":{"start":{"line":216,"column":0},"end":{"line":216,"column":1}},"220":{"start":{"line":221,"column":0},"end":{"line":221,"column":68}},"221":{"start":{"line":222,"column":0},"end":{"line":222,"column":28}},"222":{"start":{"line":223,"column":0},"end":{"line":223,"column":14}},"223":{"start":{"line":224,"column":0},"end":{"line":224,"column":1}},"226":{"start":{"line":227,"column":0},"end":{"line":227,"column":76}},"227":{"start":{"line":228,"column":0},"end":{"line":228,"column":7}},"228":{"start":{"line":229,"column":0},"end":{"line":229,"column":56}},"229":{"start":{"line":230,"column":0},"end":{"line":230,"column":50}},"230":{"start":{"line":231,"column":0},"end":{"line":231,"column":16}},"231":{"start":{"line":232,"column":0},"end":{"line":232,"column":15}},"233":{"start":{"line":234,"column":0},"end":{"line":234,"column":123}},"234":{"start":{"line":235,"column":0},"end":{"line":235,"column":12}},"235":{"start":{"line":236,"column":0},"end":{"line":236,"column":3}},"236":{"start":{"line":237,"column":0},"end":{"line":237,"column":1}},"239":{"start":{"line":240,"column":0},"end":{"line":240,"column":82}},"240":{"start":{"line":241,"column":0},"end":{"line":241,"column":7}},"241":{"start":{"line":242,"column":0},"end":{"line":242,"column":69}},"242":{"start":{"line":243,"column":0},"end":{"line":243,"column":91}},"243":{"start":{"line":244,"column":0},"end":{"line":244,"column":16}},"244":{"start":{"line":245,"column":0},"end":{"line":245,"column":15}},"246":{"start":{"line":247,"column":0},"end":{"line":247,"column":126}},"247":{"start":{"line":248,"column":0},"end":{"line":248,"column":12}},"248":{"start":{"line":249,"column":0},"end":{"line":249,"column":3}},"249":{"start":{"line":250,"column":0},"end":{"line":250,"column":1}},"252":{"start":{"line":253,"column":0},"end":{"line":253,"column":74}},"253":{"start":{"line":254,"column":0},"end":{"line":254,"column":7}},"254":{"start":{"line":255,"column":0},"end":{"line":255,"column":42}},"255":{"start":{"line":256,"column":0},"end":{"line":256,"column":73}},"256":{"start":{"line":257,"column":0},"end":{"line":257,"column":16}},"257":{"start":{"line":258,"column":0},"end":{"line":258,"column":15}},"259":{"start":{"line":260,"column":0},"end":{"line":260,"column":126}},"260":{"start":{"line":261,"column":0},"end":{"line":261,"column":12}},"261":{"start":{"line":262,"column":0},"end":{"line":262,"column":3}},"262":{"start":{"line":263,"column":0},"end":{"line":263,"column":1}},"265":{"start":{"line":266,"column":0},"end":{"line":266,"column":45}},"266":{"start":{"line":267,"column":0},"end":{"line":267,"column":22}},"267":{"start":{"line":268,"column":0},"end":{"line":268,"column":14}},"268":{"start":{"line":269,"column":0},"end":{"line":269,"column":1}},"273":{"start":{"line":274,"column":0},"end":{"line":274,"column":52}},"274":{"start":{"line":275,"column":0},"end":{"line":275,"column":7}},"275":{"start":{"line":276,"column":0},"end":{"line":276,"column":75}},"276":{"start":{"line":277,"column":0},"end":{"line":277,"column":26}},"277":{"start":{"line":278,"column":0},"end":{"line":278,"column":29}},"278":{"start":{"line":279,"column":0},"end":{"line":279,"column":30}},"279":{"start":{"line":280,"column":0},"end":{"line":280,"column":7}},"280":{"start":{"line":281,"column":0},"end":{"line":281,"column":32}},"281":{"start":{"line":282,"column":0},"end":{"line":282,"column":33}},"282":{"start":{"line":283,"column":0},"end":{"line":283,"column":36}},"283":{"start":{"line":284,"column":0},"end":{"line":284,"column":16}},"284":{"start":{"line":285,"column":0},"end":{"line":285,"column":15}},"286":{"start":{"line":287,"column":0},"end":{"line":287,"column":3}},"287":{"start":{"line":288,"column":0},"end":{"line":288,"column":1}}},"s":{"15":1,"29":1,"30":1,"31":1,"33":1,"36":147,"37":147,"38":147,"39":147,"40":147,"41":147,"42":147,"43":12,"44":12,"45":12,"47":1,"48":147,"49":147,"54":1,"55":12,"57":12,"58":12,"59":12,"60":12,"61":12,"62":12,"63":12,"64":12,"65":12,"68":1,"69":1,"70":1,"75":1,"76":7,"77":7,"80":1,"81":2,"82":2,"85":1,"89":2,"90":2,"91":2,"92":2,"93":2,"94":2,"95":2,"100":1,"101":14,"102":14,"103":14,"106":2,"107":2,"108":2,"109":1,"110":1,"111":1,"113":1,"114":1,"115":1,"116":2,"119":2,"120":2,"121":2,"122":1,"123":1,"124":1,"126":1,"127":1,"128":1,"129":2,"132":2,"133":2,"134":2,"135":1,"136":1,"137":1,"139":1,"140":1,"141":1,"142":2,"145":1,"146":36,"147":36,"148":36,"153":1,"154":6,"155":6,"160":1,"161":7,"162":7,"163":7,"166":2,"167":2,"168":2,"169":1,"170":1,"171":1,"173":1,"174":1,"175":1,"176":2,"179":1,"180":1,"181":1,"182":1,"183":1,"184":1,"186":0,"187":0,"188":0,"189":1,"192":1,"193":1,"194":1,"195":1,"196":1,"197":1,"199":0,"200":0,"201":0,"202":1,"205":1,"206":36,"207":36,"208":36,"213":1,"214":6,"215":6,"220":1,"221":7,"222":7,"223":7,"226":2,"227":2,"228":2,"229":1,"230":1,"231":1,"233":1,"234":1,"235":1,"236":2,"239":1,"240":1,"241":1,"242":1,"243":1,"244":1,"246":0,"247":0,"248":0,"249":1,"252":1,"253":1,"254":1,"255":1,"256":1,"257":1,"259":0,"260":0,"261":0,"262":1,"265":1,"266":36,"267":36,"268":36,"273":3,"274":3,"275":3,"276":3,"277":3,"278":3,"279":3,"280":2,"281":2,"282":2,"283":2,"284":3,"286":1,"287":3},"branchMap":{"0":{"type":"branch","line":37,"loc":{"start":{"line":37,"column":0},"end":{"line":50,"column":1}},"locations":[{"start":{"line":37,"column":0},"end":{"line":50,"column":1}}]},"1":{"type":"branch","line":43,"loc":{"start":{"line":43,"column":20},"end":{"line":49,"column":3}},"locations":[{"start":{"line":43,"column":20},"end":{"line":49,"column":3}}]},"2":{"type":"branch","line":46,"loc":{"start":{"line":46,"column":4},"end":{"line":48,"column":5}},"locations":[{"start":{"line":46,"column":4},"end":{"line":48,"column":5}}]},"3":{"type":"branch","line":55,"loc":{"start":{"line":55,"column":7},"end":{"line":66,"column":1}},"locations":[{"start":{"line":55,"column":7},"end":{"line":66,"column":1}}]},"4":{"type":"branch","line":63,"loc":{"start":{"line":63,"column":9},"end":{"line":65,"column":4}},"locations":[{"start":{"line":63,"column":9},"end":{"line":65,"column":4}}]},"5":{"type":"branch","line":69,"loc":{"start":{"line":69,"column":7},"end":{"line":71,"column":1}},"locations":[{"start":{"line":69,"column":7},"end":{"line":71,"column":1}}]},"6":{"type":"branch","line":70,"loc":{"start":{"line":70,"column":29},"end":{"line":70,"column":66}},"locations":[{"start":{"line":70,"column":29},"end":{"line":70,"column":66}}]},"7":{"type":"branch","line":76,"loc":{"start":{"line":76,"column":7},"end":{"line":78,"column":1}},"locations":[{"start":{"line":76,"column":7},"end":{"line":78,"column":1}}]},"8":{"type":"branch","line":81,"loc":{"start":{"line":81,"column":7},"end":{"line":83,"column":1}},"locations":[{"start":{"line":81,"column":7},"end":{"line":83,"column":1}}]},"9":{"type":"branch","line":82,"loc":{"start":{"line":82,"column":29},"end":{"line":82,"column":47}},"locations":[{"start":{"line":82,"column":29},"end":{"line":82,"column":47}}]},"10":{"type":"branch","line":86,"loc":{"start":{"line":86,"column":7},"end":{"line":96,"column":1}},"locations":[{"start":{"line":86,"column":7},"end":{"line":96,"column":1}}]},"11":{"type":"branch","line":92,"loc":{"start":{"line":92,"column":35},"end":{"line":92,"column":53}},"locations":[{"start":{"line":92,"column":35},"end":{"line":92,"column":53}}]},"12":{"type":"branch","line":93,"loc":{"start":{"line":93,"column":33},"end":{"line":93,"column":90}},"locations":[{"start":{"line":93,"column":33},"end":{"line":93,"column":90}}]},"13":{"type":"branch","line":93,"loc":{"start":{"line":93,"column":62},"end":{"line":93,"column":90}},"locations":[{"start":{"line":93,"column":62},"end":{"line":93,"column":90}}]},"14":{"type":"branch","line":94,"loc":{"start":{"line":94,"column":37},"end":{"line":94,"column":70}},"locations":[{"start":{"line":94,"column":37},"end":{"line":94,"column":70}}]},"15":{"type":"branch","line":101,"loc":{"start":{"line":101,"column":7},"end":{"line":104,"column":1}},"locations":[{"start":{"line":101,"column":7},"end":{"line":104,"column":1}}]},"16":{"type":"branch","line":107,"loc":{"start":{"line":107,"column":0},"end":{"line":117,"column":1}},"locations":[{"start":{"line":107,"column":0},"end":{"line":117,"column":1}}]},"17":{"type":"branch","line":109,"loc":{"start":{"line":109,"column":55},"end":{"line":116,"column":3}},"locations":[{"start":{"line":109,"column":55},"end":{"line":116,"column":3}}]},"18":{"type":"branch","line":120,"loc":{"start":{"line":120,"column":0},"end":{"line":130,"column":1}},"locations":[{"start":{"line":120,"column":0},"end":{"line":130,"column":1}}]},"19":{"type":"branch","line":122,"loc":{"start":{"line":122,"column":63},"end":{"line":129,"column":3}},"locations":[{"start":{"line":122,"column":63},"end":{"line":129,"column":3}}]},"20":{"type":"branch","line":123,"loc":{"start":{"line":123,"column":40},"end":{"line":123,"column":80}},"locations":[{"start":{"line":123,"column":40},"end":{"line":123,"column":80}}]},"21":{"type":"branch","line":123,"loc":{"start":{"line":123,"column":70},"end":{"line":123,"column":80}},"locations":[{"start":{"line":123,"column":70},"end":{"line":123,"column":80}}]},"22":{"type":"branch","line":133,"loc":{"start":{"line":133,"column":0},"end":{"line":143,"column":1}},"locations":[{"start":{"line":133,"column":0},"end":{"line":143,"column":1}}]},"23":{"type":"branch","line":135,"loc":{"start":{"line":135,"column":41},"end":{"line":142,"column":3}},"locations":[{"start":{"line":135,"column":41},"end":{"line":142,"column":3}}]},"24":{"type":"branch","line":136,"loc":{"start":{"line":136,"column":43},"end":{"line":136,"column":70}},"locations":[{"start":{"line":136,"column":43},"end":{"line":136,"column":70}}]},"25":{"type":"branch","line":146,"loc":{"start":{"line":146,"column":7},"end":{"line":149,"column":1}},"locations":[{"start":{"line":146,"column":7},"end":{"line":149,"column":1}}]},"26":{"type":"branch","line":154,"loc":{"start":{"line":154,"column":7},"end":{"line":156,"column":1}},"locations":[{"start":{"line":154,"column":7},"end":{"line":156,"column":1}}]},"27":{"type":"branch","line":161,"loc":{"start":{"line":161,"column":7},"end":{"line":164,"column":1}},"locations":[{"start":{"line":161,"column":7},"end":{"line":164,"column":1}}]},"28":{"type":"branch","line":167,"loc":{"start":{"line":167,"column":0},"end":{"line":177,"column":1}},"locations":[{"start":{"line":167,"column":0},"end":{"line":177,"column":1}}]},"29":{"type":"branch","line":169,"loc":{"start":{"line":169,"column":54},"end":{"line":176,"column":3}},"locations":[{"start":{"line":169,"column":54},"end":{"line":176,"column":3}}]},"30":{"type":"branch","line":180,"loc":{"start":{"line":180,"column":0},"end":{"line":190,"column":1}},"locations":[{"start":{"line":180,"column":0},"end":{"line":190,"column":1}}]},"31":{"type":"branch","line":185,"loc":{"start":{"line":185,"column":2},"end":{"line":189,"column":3}},"locations":[{"start":{"line":185,"column":2},"end":{"line":189,"column":3}}]},"32":{"type":"branch","line":183,"loc":{"start":{"line":183,"column":36},"end":{"line":183,"column":76}},"locations":[{"start":{"line":183,"column":36},"end":{"line":183,"column":76}}]},"33":{"type":"branch","line":183,"loc":{"start":{"line":183,"column":66},"end":{"line":183,"column":76}},"locations":[{"start":{"line":183,"column":66},"end":{"line":183,"column":76}}]},"34":{"type":"branch","line":193,"loc":{"start":{"line":193,"column":0},"end":{"line":203,"column":1}},"locations":[{"start":{"line":193,"column":0},"end":{"line":203,"column":1}}]},"35":{"type":"branch","line":198,"loc":{"start":{"line":198,"column":2},"end":{"line":202,"column":3}},"locations":[{"start":{"line":198,"column":2},"end":{"line":202,"column":3}}]},"36":{"type":"branch","line":196,"loc":{"start":{"line":196,"column":39},"end":{"line":196,"column":62}},"locations":[{"start":{"line":196,"column":39},"end":{"line":196,"column":62}}]},"37":{"type":"branch","line":206,"loc":{"start":{"line":206,"column":7},"end":{"line":209,"column":1}},"locations":[{"start":{"line":206,"column":7},"end":{"line":209,"column":1}}]},"38":{"type":"branch","line":214,"loc":{"start":{"line":214,"column":7},"end":{"line":216,"column":1}},"locations":[{"start":{"line":214,"column":7},"end":{"line":216,"column":1}}]},"39":{"type":"branch","line":221,"loc":{"start":{"line":221,"column":7},"end":{"line":224,"column":1}},"locations":[{"start":{"line":221,"column":7},"end":{"line":224,"column":1}}]},"40":{"type":"branch","line":227,"loc":{"start":{"line":227,"column":0},"end":{"line":237,"column":1}},"locations":[{"start":{"line":227,"column":0},"end":{"line":237,"column":1}}]},"41":{"type":"branch","line":229,"loc":{"start":{"line":229,"column":54},"end":{"line":236,"column":3}},"locations":[{"start":{"line":229,"column":54},"end":{"line":236,"column":3}}]},"42":{"type":"branch","line":240,"loc":{"start":{"line":240,"column":0},"end":{"line":250,"column":1}},"locations":[{"start":{"line":240,"column":0},"end":{"line":250,"column":1}}]},"43":{"type":"branch","line":245,"loc":{"start":{"line":245,"column":2},"end":{"line":249,"column":3}},"locations":[{"start":{"line":245,"column":2},"end":{"line":249,"column":3}}]},"44":{"type":"branch","line":243,"loc":{"start":{"line":243,"column":40},"end":{"line":243,"column":89}},"locations":[{"start":{"line":243,"column":40},"end":{"line":243,"column":89}}]},"45":{"type":"branch","line":243,"loc":{"start":{"line":243,"column":76},"end":{"line":243,"column":89}},"locations":[{"start":{"line":243,"column":76},"end":{"line":243,"column":89}}]},"46":{"type":"branch","line":253,"loc":{"start":{"line":253,"column":0},"end":{"line":263,"column":1}},"locations":[{"start":{"line":253,"column":0},"end":{"line":263,"column":1}}]},"47":{"type":"branch","line":258,"loc":{"start":{"line":258,"column":2},"end":{"line":262,"column":3}},"locations":[{"start":{"line":258,"column":2},"end":{"line":262,"column":3}}]},"48":{"type":"branch","line":256,"loc":{"start":{"line":256,"column":43},"end":{"line":256,"column":71}},"locations":[{"start":{"line":256,"column":43},"end":{"line":256,"column":71}}]},"49":{"type":"branch","line":266,"loc":{"start":{"line":266,"column":7},"end":{"line":269,"column":1}},"locations":[{"start":{"line":266,"column":7},"end":{"line":269,"column":1}}]},"50":{"type":"branch","line":274,"loc":{"start":{"line":274,"column":0},"end":{"line":288,"column":1}},"locations":[{"start":{"line":274,"column":0},"end":{"line":288,"column":1}}]},"51":{"type":"branch","line":280,"loc":{"start":{"line":280,"column":5},"end":{"line":285,"column":11}},"locations":[{"start":{"line":280,"column":5},"end":{"line":285,"column":11}}]},"52":{"type":"branch","line":285,"loc":{"start":{"line":285,"column":2},"end":{"line":287,"column":3}},"locations":[{"start":{"line":285,"column":2},"end":{"line":287,"column":3}}]}},"b":{"0":[147],"1":[12],"2":[1],"3":[12],"4":[12],"5":[1],"6":[2],"7":[7],"8":[2],"9":[2],"10":[2],"11":[1],"12":[2],"13":[1],"14":[2],"15":[14],"16":[2],"17":[1],"18":[2],"19":[1],"20":[1],"21":[0],"22":[2],"23":[1],"24":[1],"25":[36],"26":[6],"27":[7],"28":[2],"29":[1],"30":[1],"31":[0],"32":[1],"33":[0],"34":[1],"35":[0],"36":[1],"37":[36],"38":[6],"39":[7],"40":[2],"41":[1],"42":[1],"43":[0],"44":[1],"45":[0],"46":[1],"47":[0],"48":[1],"49":[36],"50":[3],"51":[2],"52":[1]},"fnMap":{"0":{"name":"notifyAll","decl":{"start":{"line":37,"column":0},"end":{"line":50,"column":1}},"loc":{"start":{"line":37,"column":0},"end":{"line":50,"column":1}},"line":37},"1":{"name":"subscribeCapability","decl":{"start":{"line":55,"column":7},"end":{"line":66,"column":1}},"loc":{"start":{"line":55,"column":7},"end":{"line":66,"column":1}},"line":55},"2":{"name":"subscribeWarehouses","decl":{"start":{"line":69,"column":7},"end":{"line":71,"column":1}},"loc":{"start":{"line":69,"column":7},"end":{"line":71,"column":1}},"line":69},"3":{"name":"getWarehouses","decl":{"start":{"line":76,"column":7},"end":{"line":78,"column":1}},"loc":{"start":{"line":76,"column":7},"end":{"line":78,"column":1}},"line":76},"4":{"name":"getWarehouseById","decl":{"start":{"line":81,"column":7},"end":{"line":83,"column":1}},"loc":{"start":{"line":81,"column":7},"end":{"line":83,"column":1}},"line":81},"5":{"name":"getWarehouseFullView","decl":{"start":{"line":86,"column":7},"end":{"line":96,"column":1}},"loc":{"start":{"line":86,"column":7},"end":{"line":96,"column":1}},"line":86},"6":{"name":"setWarehouses","decl":{"start":{"line":101,"column":7},"end":{"line":104,"column":1}},"loc":{"start":{"line":101,"column":7},"end":{"line":104,"column":1}},"line":101},"7":{"name":"addWarehouse","decl":{"start":{"line":107,"column":0},"end":{"line":117,"column":1}},"loc":{"start":{"line":107,"column":0},"end":{"line":117,"column":1}},"line":107},"8":{"name":"updateWarehouse","decl":{"start":{"line":120,"column":0},"end":{"line":130,"column":1}},"loc":{"start":{"line":120,"column":0},"end":{"line":130,"column":1}},"line":120},"9":{"name":"removeWarehouse","decl":{"start":{"line":133,"column":0},"end":{"line":143,"column":1}},"loc":{"start":{"line":133,"column":0},"end":{"line":143,"column":1}},"line":133},"10":{"name":"resetWarehouses","decl":{"start":{"line":146,"column":7},"end":{"line":149,"column":1}},"loc":{"start":{"line":146,"column":7},"end":{"line":149,"column":1}},"line":146},"11":{"name":"getTransitOrders","decl":{"start":{"line":154,"column":7},"end":{"line":156,"column":1}},"loc":{"start":{"line":154,"column":7},"end":{"line":156,"column":1}},"line":154},"12":{"name":"setTransitOrders","decl":{"start":{"line":161,"column":7},"end":{"line":164,"column":1}},"loc":{"start":{"line":161,"column":7},"end":{"line":164,"column":1}},"line":161},"13":{"name":"addTransitOrder","decl":{"start":{"line":167,"column":0},"end":{"line":177,"column":1}},"loc":{"start":{"line":167,"column":0},"end":{"line":177,"column":1}},"line":167},"14":{"name":"updateTransitOrder","decl":{"start":{"line":180,"column":0},"end":{"line":190,"column":1}},"loc":{"start":{"line":180,"column":0},"end":{"line":190,"column":1}},"line":180},"15":{"name":"removeTransitOrder","decl":{"start":{"line":193,"column":0},"end":{"line":203,"column":1}},"loc":{"start":{"line":193,"column":0},"end":{"line":203,"column":1}},"line":193},"16":{"name":"resetTransitOrders","decl":{"start":{"line":206,"column":7},"end":{"line":209,"column":1}},"loc":{"start":{"line":206,"column":7},"end":{"line":209,"column":1}},"line":206},"17":{"name":"getInventoryItems","decl":{"start":{"line":214,"column":7},"end":{"line":216,"column":1}},"loc":{"start":{"line":214,"column":7},"end":{"line":216,"column":1}},"line":214},"18":{"name":"setInventoryItems","decl":{"start":{"line":221,"column":7},"end":{"line":224,"column":1}},"loc":{"start":{"line":221,"column":7},"end":{"line":224,"column":1}},"line":221},"19":{"name":"addInventoryItem","decl":{"start":{"line":227,"column":0},"end":{"line":237,"column":1}},"loc":{"start":{"line":227,"column":0},"end":{"line":237,"column":1}},"line":227},"20":{"name":"updateInventoryItem","decl":{"start":{"line":240,"column":0},"end":{"line":250,"column":1}},"loc":{"start":{"line":240,"column":0},"end":{"line":250,"column":1}},"line":240},"21":{"name":"removeInventoryItem","decl":{"start":{"line":253,"column":0},"end":{"line":263,"column":1}},"loc":{"start":{"line":253,"column":0},"end":{"line":263,"column":1}},"line":253},"22":{"name":"resetInventoryItems","decl":{"start":{"line":266,"column":7},"end":{"line":269,"column":1}},"loc":{"start":{"line":266,"column":7},"end":{"line":269,"column":1}},"line":266},"23":{"name":"initFromApi","decl":{"start":{"line":274,"column":0},"end":{"line":288,"column":1}},"loc":{"start":{"line":274,"column":0},"end":{"line":288,"column":1}},"line":274}},"f":{"0":147,"1":12,"2":1,"3":7,"4":2,"5":2,"6":14,"7":2,"8":2,"9":2,"10":36,"11":6,"12":7,"13":2,"14":1,"15":1,"16":36,"17":6,"18":7,"19":2,"20":1,"21":1,"22":36,"23":3}}
,"/Users/chouray/WorkBuddy/2026-05-25-10-01-22/cross-wms/src/services/api.ts": {"path":"/Users/chouray/WorkBuddy/2026-05-25-10-01-22/cross-wms/src/services/api.ts","all":false,"statementMap":{"18":{"start":{"line":19,"column":0},"end":{"line":19,"column":48}},"20":{"start":{"line":21,"column":0},"end":{"line":21,"column":30}},"23":{"start":{"line":24,"column":0},"end":{"line":24,"column":28}},"25":{"start":{"line":26,"column":0},"end":{"line":26,"column":92}},"26":{"start":{"line":27,"column":0},"end":{"line":27,"column":43}},"27":{"start":{"line":28,"column":0},"end":{"line":28,"column":72}},"28":{"start":{"line":29,"column":0},"end":{"line":29,"column":7}},"29":{"start":{"line":30,"column":0},"end":{"line":30,"column":76}},"30":{"start":{"line":31,"column":0},"end":{"line":31,"column":28}},"31":{"start":{"line":32,"column":0},"end":{"line":32,"column":15}},"32":{"start":{"line":33,"column":0},"end":{"line":33,"column":17}},"33":{"start":{"line":34,"column":0},"end":{"line":34,"column":28}},"34":{"start":{"line":35,"column":0},"end":{"line":35,"column":67}},"35":{"start":{"line":36,"column":0},"end":{"line":36,"column":47}},"36":{"start":{"line":37,"column":0},"end":{"line":37,"column":5}},"37":{"start":{"line":38,"column":0},"end":{"line":38,"column":14}},"38":{"start":{"line":39,"column":0},"end":{"line":39,"column":3}},"39":{"start":{"line":40,"column":0},"end":{"line":40,"column":1}},"43":{"start":{"line":44,"column":0},"end":{"line":44,"column":92}},"44":{"start":{"line":45,"column":0},"end":{"line":45,"column":45}},"45":{"start":{"line":46,"column":0},"end":{"line":46,"column":27}},"46":{"start":{"line":47,"column":0},"end":{"line":47,"column":49}},"47":{"start":{"line":48,"column":0},"end":{"line":48,"column":3}},"48":{"start":{"line":49,"column":0},"end":{"line":49,"column":48}},"49":{"start":{"line":50,"column":0},"end":{"line":50,"column":27}},"50":{"start":{"line":51,"column":0},"end":{"line":51,"column":37}},"51":{"start":{"line":52,"column":0},"end":{"line":52,"column":3}},"52":{"start
[...]
281,"column":0},"end":{"line":281,"column":52}},"281":{"start":{"line":282,"column":0},"end":{"line":282,"column":7}},"282":{"start":{"line":283,"column":0},"end":{"line":283,"column":49}},"283":{"start":{"line":284,"column":0},"end":{"line":284,"column":26}},"284":{"start":{"line":285,"column":0},"end":{"line":285,"column":30}},"285":{"start":{"line":286,"column":0},"end":{"line":286,"column":7}},"286":{"start":{"line":287,"column":0},"end":{"line":287,"column":24}},"287":{"start":{"line":288,"column":0},"end":{"line":288,"column":35}},"288":{"start":{"line":289,"column":0},"end":{"line":289,"column":16}},"290":{"start":{"line":291,"column":0},"end":{"line":291,"column":30}},"291":{"start":{"line":292,"column":0},"end":{"line":292,"column":15}},"293":{"start":{"line":294,"column":0},"end":{"line":294,"column":3}},"294":{"start":{"line":295,"column":0},"end":{"line":295,"column":1}}},"s":{"13":1,"14":1,"18":1,"19":1,"22":1,"25":1,"29":1,"32":90,"33":90,"34":1,"35":1,"36":1,"38":0,"39":90,"40":90,"45":1,"46":18,"47":306,"48":306,"49":18,"50":18,"51":18,"54":1,"55":7,"56":7,"59":1,"60":5,"61":5,"64":42,"65":42,"66":42,"67":42,"68":42,"69":74,"70":74,"71":42,"72":42,"74":0,"75":42,"78":39,"79":39,"80":39,"81":39,"82":39,"83":39,"84":38,"85":38,"86":38,"87":38,"88":39,"90":1,"91":39,"94":2,"95":2,"96":2,"97":2,"98":2,"99":2,"100":2,"102":2,"103":2,"105":1,"106":1,"107":1,"108":1,"110":1,"111":1,"112":1,"113":2,"116":3,"117":3,"118":3,"119":2,"120":2,"121":1,"122":1,"123":1,"124":1,"126":1,"127":1,"128":1,"129":3,"132":2,"134":2,"135":2,"136":1,"137":1,"138":1,"139":1,"140":1,"141":1,"143":0,"144":0,"145":0,"146":1,"148":1,"149":1,"150":1,"151":1,"152":1,"153":2,"155":0,"156":0,"157":0,"158":2,"161":5,"162":5,"163":5,"164":5,"166":1,"167":1,"168":3,"169":3,"170":3,"171":3,"172":3,"173":5,"175":0,"176":0,"177":0,"178":5,"181":1,"182":2,"183":2,"186":1,"187":3,"188":3,"189":2,"190":38,"191":32,"192":32,"193":31,"194":31,"196":2,"197":2,"200":1,"201":2,"202":2,"205":1,"206":9,"207":9,"208":9,"209":9,"210":9,"211":9,"212":9,"213":9,"214":9,"215":9,"216":9,"219":1,"220":2,"221":2,"222":2,"223":2,"224":2,"229":1,"230":3,"231":3,"234":1,"235":1,"236":1,"237":19,"238":19,"240":17,"241":17,"242":17,"243":17,"244":17,"245":17,"246":17,"247":17,"248":17,"249":17,"250":17,"251":17,"252":17,"253":19,"254":2,"255":2,"256":1,"257":1,"258":2,"259":19,"261":0,"262":19,"263":1,"264":1,"267":1,"268":0,"269":0,"270":0,"273":1,"274":1,"275":1,"276":1,"277":1,"280":1,"281":1,"282":1,"283":1,"284":1,"285":1,"286":1,"287":1,"288":1,"290":1,"291":1,"293":0,"294":1},"branchMap":{"0":{"type":"branch","line":33,"loc":{"start":{"line":33,"column":0},"end":{"line":41,"column":1}},"locations":[{"start":{"line":33,"column":0},"end":{"line":41,"column":1}}]},"1":{"type":"branch","line":34,"loc":{"start":{"line":34,"column":20},"end":{"line":40,"column":3}},"locations":[{"start":{"line":34,"column":20},"end":{"line":40,"column":3}}]},"2":{"type":"branch","line":37,"loc":{"start":{"line":37,"column":4},"end":{"line":39,"column":5}},"locations":[{"start":{"line":37,"column":4},"end":{"line":39,"column":5}}]},"3":{"type":"branch","line":46,"loc":{"start":{"line":46,"column":7},"end":{"line":52,"column":1}},"locations":[{"start":{"line":46,"column":7},"end":{"line":52,"column":1}}]},"4":{"type":"branch","line":47,"loc":{"start":{"line":47,"column":45},"end":{"line":50,"column":3}},"locations":[{"start":{"line":47,"column":45},"end":{"line":50,"column":3}}]},"5":{"type":"branch","line":49,"loc":{"start":{"line":49,"column":11},"end":{"line":49,"column":64}},"locations":[{"start":{"line":49,"column":11},"end":{"line":49,"column":64}}]},"6":{"type":"branch","line":49,"loc":{"start":{"line":49,"column":60},"end":{"line":49,"column":66}},"locations":[{"start":{"line":49,"column":60},"end":{"line":49,"column":66}}]},"7":{"type":"branch","line":55,"loc":{"start":{"line":55,"column":7},"end":{"line":57,"column":1}},"locations":[{"start":{"line":55,"column":7},"end":{"line":57,"column":1}}]},"8":{"type":"branch","line":56,"loc":{"start":{"line":56,"column":29},"end":{"line":56,"column":47}},"locations":[{"start":{"line":56,"column":29},"end":{"line":56,"column":47}}]},"9":{"type":"branch","line":60,"loc":{"start":{"line":60,"column":7},"end":{"line":62,"column":1}},"locations":[{"start":{"line":60,"column":7},"end":{"line":62,"column":1}}]},"10":{"type":"branch","line":65,"loc":{"start":{"line":65,"column":0},"end":{"line":76,"column":1}},"locations":[{"start":{"line":65,"column":0},"end":{"line":76,"column":1}}]},"11":{"type":"branch","line":69,"loc":{"start":{"line":69,"column":61},"end":{"line":71,"column":5}},"locations":[{"start":{"line":69,"column":61},"end":{"line":71,"column":5}}]},"12":{"type":"branch","line":73,"loc":{"start":{"line":73,"column":2},"end":{"line":75,"column":3}},"locations":[{"start":{"line":73,"column":2},"end":{"line":75,"column":3}}]},"13":{"type":"branch","line":79,"loc":{"start":{"line":79,"column":0},"end":{"line":92,"column":1}},"locations":[{"start":{"line":79,"column":0},"end":{"line":92,"column":1}}]},"14":{"type":"branch","line":84,"loc":{"start":{"line":84,"column":5},"end":{"line":89,"column":11}},"locations":[{"start":{"line":84,"column":5},"end":{"line":89,"column":11}}]},"15":{"type":"branch","line":89,"loc":{"start":{"line":89,"column":2},"end":{"line":91,"column":3}},"locations":[{"start":{"line":89,"column":2},"end":{"line":91,"column":3}}]},"16":{"type":"branch","line":95,"loc":{"start":{"line":95,"column":0},"end":{"line":114,"column":1}},"locations":[{"start":{"line":95,"column":0},"end":{"line":114,"column":1}}]},"17":{"type":"branch","line":104,"loc":{"start":{"line":104,"column":54},"end":{"line":113,"column":3}},"locations":[{"start":{"line":104,"column":54},"end":{"line":113,"column":3}}]},"18":{"type":"branch","line":117,"loc":{"start":{"line":117,"column":0},"end":{"line":130,"column":1}},"locations":[{"start":{"line":117,"column":0},"end":{"line":130,"column":1}}]},"19":{"type":"branch","line":119,"loc":{"start":{"line":119,"column":18},"end":{"line":119,"column":31}},"locations":[{"start":{"line":119,"column":18},"end":{"line":119,"column":31}}]},"20":{"type":"branch","line":119,"loc":{"start":{"line":119,"column":25},"end":{"line":121,"column":59}},"locations":[{"start":{"line":119,"column":25},"end":{"line":121,"column":59}}]},"21":{"type":"branch","line":121,"loc":{"start":{"line":121,"column":57},"end":{"line":129,"column":3}},"locations":[{"start":{"line":121,"column":57},"end":{"line":129,"column":3}}]},"22":{"type":"branch","line":118,"loc":{"start":{"line":118,"column":35},"end":{"line":118,"column":53}},"locations":[{"start":{"line":118,"column":35},"end":{"line":118,"column":53}}]},"23":{"type":"branch","line":133,"loc":{"start":{"line":133,"column":0},"end":{"line":159,"column":1}},"locations":[{"start":{"line":133,"column":0},"end":{"line":159,"column":1}}]},"24":{"type":"branch","line":136,"loc":{"start":{"line":136,"column":19},"end":{"line":154,"column":11}},"locations":[{"start":{"line":136,"column":19},"end":{"line":154,"column":11}}]},"25":{"type":"branch","line":142,"loc":{"start":{"line":142,"column":4},"end":{"line":146,"column":5}},"locations":[{"start":{"line":142,"column":4},"end":{"line":146,"column":5}}]},"26":{"type":"branch","line":154,"loc":{"start":{"line":154,"column":2},"end":{"line":158,"column":3}},"locations":[{"start":{"line":154,"column":2},"end":{"line":158,"column":3}}]},"27":{"type":"branch","line":135,"loc":{"start":{"line":135,"column":36},"end":{"line":135,"column":54}},"locations":[{"start":{"line":135,"column":36},"end":{"line":135,"column":54}}]},"28":{"type":"branch","line":162,"loc":{"start":{"line":162,"column":0},"end":{"line":179,"column":1}},"locations":[{"start":{"line":162,"column":0},"end":{"line":179,"column":1}}]},"29":{"type":"branch","line":164,"loc":{"start":{"line":164,"column":14},"end":{"line":164,"column":27}},"locations":[{"start":{"line":164,"column":14},"end":{"line":164,"column":27}}]},"30":{"type":"branch","line":164,"loc":{"start":{"line":164,"column":21},"end":{"line":165,"column":34}},"locations":[{"start":{"line":164,"column":21},"end":{"line":165,"column":34}}]},"31":{"type":"branch","line":165,"loc":{"start":{"line":165,"column":34},"end":{"line":168,"column":3}},"locations":[{"start":{"line":165,"column":34},"end":{"line":168,"column":3}}]},"32":{"type":"branch","line":168,"loc":{"start":{"line":168,"column":2},"end":{"line":174,"column":11}},"locations":[{"start":{"line":168,"column":2},"end":{"line":174,"column":11}}]},"33":{"type":"branch","line":174,"loc":{"start":{"line":174,"column":2},"end":{"line":178,"column":3}},"locations":[{"start":{"line":174,"column":2},"end":{"line":178,"column":3}}]},"34":{"type":"branch","line":163,"loc":{"start":{"line":163,"column":32},"end":{"line":163,"column":50}},"locations":[{"start":{"line":163,"column":32},"end":{"line":163,"column":50}}]},"35":{"type":"branch","line":171,"loc":{"start":{"line":171,"column":35},"end":{"line":171,"column":53}},"locations":[{"start":{"line":171,"column":35},"end":{"line":171,"column":53}}]},"36":{"type":"branch","line":182,"loc":{"start":{"line":182,"column":7},"end":{"line":184,"column":1}},"locations":[{"start":{"line":182,"column":7},"end":{"line":184,"column":1}}]},"37":{"type":"branch","line":183,"loc":{"start":{"line":183,"column":29},"end":{"line":183,"column":51}},"locations":[{"start":{"line":183,"column":29},"end":{"line":183,"column":51}}]},"38":{"type":"branch","line":187,"loc":{"start":{"line":187,"column":7},"end":{"line":198,"column":1}},"locations":[{"start":{"line":187,"column":7},"end":{"line":198,"column":1}}]},"39":{"type":"branch","line":189,"loc":{"start":{"line":189,"column":10},"end":{"line":189,"column":69}},"locations":[{"start":{"line":189,"column":10},"end":{"line":189,"column":69}}]},"40":{"type":"branch","line":189,"loc":{"start":{"line":189,"column":67},"end":{"line":198,"column":1}},"locations":[{"start":{"line":189,"column":67},"end":{"line":198,"column":1}}]},"41":{"type":"branch","line":189,"loc":{"start":{"line":189,"column":39},"end":{"line":189,"column":67}},"locations":[{"start":{"line":189,"column":39},"end":{"line":189,"column":67}}]},"42":{"type":"branch","line":190,"loc":{"start":{"line":190,"column":31},"end":{"line":195,"column":46}},"locations":[{"start":{"line":190,"column":31},"end":{"line":195,"column":46}}]},"43":{"type":"branch","line":191,"loc":{"start":{"line":191,"column":17},"end":{"line":195,"column":46}},"locations":[{"start":{"line":191,"column":17},"end":{"line":195,"column":46}}]},"44":{"type":"branch","line":193,"loc":{"start":{"line":193,"column":9},"end":{"line":193,"column":24}},"locations":[{"start":{"line":193,"column":9},"end":{"line":193,"column":24}}]},"45":{"type":"branch","line":193,"loc":{"start":{"line":193,"column":48},"end":{"line":194,"column":64}},"locations":[{"start":{"line":193,"column":48},"end":{"line":194,"column":64}}]},"46":{"type":"branch","line":194,"loc":{"start":{"line":194,"column":9},"end":{"line":194,"column":21}},"locations":[{"start":{"line":194,"column":9},"end":{"line":194,"column":21}}]},"47":{"type":"branch","line":194,"loc":{"start":{"line":194,"column":60},"end":{"line":195,"column":46}},"locations":[{"start":{"line":194,"column":60},"end":{"line":195,"column":46}}]},"48":{"type":"branch","line":194,"loc":{"start":{"line":194,"column":26},"end":{"line":194,"column":60}},"locations":[{"start":{"line":194,"column":26},"end":{"line":194,"column":60}}]},"49":{"type":"branch","line":201,"loc":{"start":{"line":201,"column":7},"end":{"line":203,"column":1}},"locations":[{"start":{"line":201,"column":7},"end":{"line":203,"column":1}}]},"50":{"type":"branch","line":202,"loc":{"start":{"line":202,"column":31},"end":{"line":202,"column":61}},"locations":[{"start":{"line":202,"column":31},"end":{"line":202,"column":61}}]},"51":{"type":"branch","line":206,"loc":{"start":{"line":206,"column":7},"end":{"line":217,"column":1}},"locations":[{"start":{"line":206,"column":7},"end":{"line":217,"column":1}}]},"52":{"type":"branch","line":210,"loc":{"start":{"line":210,"column":19},"end":{"line":210,"column":43}},"locations":[{"start":{"line":210,"column":19},"end":{"line":210,"column":43}}]},"53":{"type":"branch","line":210,"loc":{"start":{"line":210,"column":39},"end":{"line":210,"column":46}},"locations":[{"start":{"line":210,"column":39},"end":{"line":210,"column":46}}]},"54":{"type":"branch","line":214,"loc":{"start":{"line":214,"column":2},"end":{"line":214,"column":26}},"locations":[{"start":{"line":214,"column":2},"end":{"line":214,"column":26}}]},"55":{"type":"branch","line":216,"loc":{"start":{"line":216,"column":86},"end":{"line":216,"column":110}},"locations":[{"start":{"line":216,"column":86},"end":{"line":216,"column":110}}]},"56":{"type":"branch","line":212,"loc":{"start":{"line":212,"column":34},"end":{"line":212,"column":71}},"locations":[{"start":{"line":212,"column":34},"end":{"line":212,"column":71}}]},"57":{"type":"branch","line":215,"loc":{"start":{"line":215,"column":52},"end":{"line":215,"column":74}},"locations":[{"start":{"line":215,"column":52},"end":{"line":215,"column":74}}]},"58":{"type":"branch","line":220,"loc":{"start":{"line":220,"column":7},"end":{"line":225,"column":1}},"locations":[{"start":{"line":220,"column":7},"end":{"line":225,"column":1}}]},"59":{"type":"branch","line":222,"loc":{"start":{"line":222,"column":9},"end":{"line":224,"column":4}},"locations":[{"start":{"line":222,"column":9},"end":{"line":224,"column":4}}]},"60":{"type":"branch","line":230,"loc":{"start":{"line":230,"column":7},"end":{"line":232,"column":1}},"locations":[{"start":{"line":230,"column":7},"end":{"line":232,"column":1}}]},"61":{"type":"branch","line":235,"loc":{"start":{"line":235,"column":0},"end":{"line":265,"column":1}},"locations":[{"start":{"line":235,"column":0},"end":{"line":265,"column":1}}]},"62":{"type":"branch","line":237,"loc":{"start":{"line":237,"column":30},"end":{"line":263,"column":3}},"locations":[{"start":{"line":237,"column":30},"end":{"line":263,"column":3}}]},"63":{"type":"branch","line":239,"loc":{"start":{"line":239,"column":38},"end":{"line":254,"column":13}},"locations":[{"start":{"line":239,"column":38},"end":{"line":254,"column":13}}]},"64":{"type":"branch","line":245,"loc":{"start":{"line":245,"column":32},"end":{"line":245,"column":49}},"locations":[{"start":{"line":245,"column":32},"end":{"line":245,"column":49}}]},"65":{"type":"branch","line":254,"loc":{"start":{"line":254,"column":6},"end":{"line":259,"column":7}},"locations":[{"start":{"line":254,"column":6},"end":{"line":259,"column":7}}]},"66":{"type":"branch","line":256,"loc":{"start":{"line":256,"column":19},"end":{"line":258,"column":9}},"locations":[{"start":{"line":256,"column":19},"end":{"line":258,"column":9}}]},"67":{"type":"branch","line":260,"loc":{"start":{"line":260,"column":4},"end":{"line":262,"column":5}},"locations":[{"start":{"line":260,"column":4},"end":{"line":262,"column":5}}]},"68":{"type":"branch","line":274,"loc":{"start":{"line":274,"column":0},"end":{"line":278,"column":1}},"locations":[{"start":{"line":274,"column":0},"end":{"line":278,"column":1}}]},"69":{"type":"branch","line":281,"loc":{"start":{"line":281,"column":0},"end":{"line":295,"column":1}},"locations":[{"start":{"line":281,"column":0},"end":{"line":295,"column":1}}]},"70":{"type":"branch","line":292,"loc":{"start":{"line":292,"column":2},"end":{"line":294,"column":3}},"locations":[{"start":{"line":292,"column":2},"end":{"line":294,"column":3}}]}},"b":{"0":[90],"1":[1],"2":[0],"3":[18],"4":[306],"5":[2],"6":[304],"7":[7],"8":[112],"9":[5],"10":[42],"11":[74],"12":[0],"13":[39],"14":[38],"15":[1],"16":[2],"17":[1],"18":[3],"19":[1],"20":[2],"21":[1],"22":[4],"23":[2],"24":[1],"25":[0],"26":[0],"27":[3],"28":[5],"29":[1],"30":[4],"31":[1],"32":[3],"33":[0],"34":[7],"35":[6],"36":[2],"37":[37],"38":[3],"39":[1],"40":[2],"41":[19],"42":[38],"43":[32],"44":[0],"45":[31],"46":[0],"47":[31],"48":[64],"49":[2],"50":[38],"51":[9],"52":[7],"53":[2],"54":[0],"55":[0],"56":[27],"57":[27],"58":[2],"59":[2],"60":[3],"61":[1],"62":[19],"63":[17],"64":[0],"65":[2],"66":[1],"67":[0],"68":[1],"69":[1],"70":[0]},"fnMap":{"0":{"name":"notifyAll","decl":{"start":{"line":33,"column":0},"end":{"line":41,"column":1}},"loc":{"start":{"line":33,"column":0},"end":{"line":41,"column":1}},"line":33},"1":{"name":"getAllSkills","decl":{"start":{"line":46,"column":7},"end":{"line":52,"column":1}},"loc":{"start":{"line":46,"column":7},"end":{"line":52,"column":1}},"line":46},"2":{"name":"getSkillById","decl":{"start":{"line":55,"column":7},"end":{"line":57,"column":1}},"loc":{"start":{"line":55,"column":7},"end":{"line":57,"column":1}},"line":55},"3":{"name":"getUsageStats","decl":{"start":{"line":60,"column":7},"end":{"line":62,"column":1}},"loc":{"start":{"line":60,"column":7},"end":{"line":62,"column":1}},"line":60},"4":{"name":"loadAllUsageStats","decl":{"start":{"line":65,"column":0},"end":{"line":76,"column":1}},"loc":{"start":{"line":65,"column":0},"end":{"line":76,"column":1}},"line":65},"5":{"name":"refreshFromRemote","decl":{"start":{"line":79,"column":0},"end":{"line":92,"column":1}},"loc":{"start":{"line":79,"column":0},"end":{"line":92,"column":1}},"line":79},"6":{"name":"addSkill","decl":{"start":{"line":95,"column":0},"end":{"line":114,"column":1}},"loc":{"start":{"line":95,"column":0},"end":{"line":114,"column":1}},"line":95},"7":{"name":"updateSkill","decl":{"start":{"line":117,"column":0},"end":{"line":130,"column":1}},"loc":{"start":{"line":117,"column":0},"end":{"line":130,"column":1}},"line":117},"8":{"name":"setSkillStatus","decl":{"start":{"line":133,"column":0},"end":{"line":159,"column":1}},"loc":{"start":{"line":133,"column":0},"end":{"line":159,"column":1}},"line":133},"9":{"name":"removeSkill","decl":{"start":{"line":162,"column":0},"end":{"line":179,"column":1}},"loc":{"start":{"line":162,"column":0},"end":{"line":179,"column":1}},"line":162},"10":{"name":"findSkillByName","decl":{"start":{"line":182,"column":7},"end":{"line":184,"column":1}},"loc":{"start":{"line":182,"column":7},"end":{"line":184,"column":1}},"line":182},"11":{"name":"findSkillByTrigger","decl":{"start":{"line":187,"column":7},"end":{"line":198,"column":1}},"loc":{"start":{"line":187,"column":7},"end":{"line":198,"column":1}},"line":187},"12":{"name":"getSkillsByCategory","decl":{"start":{"line":201,"column":7},"end":{"line":203,"column":1}},"loc":{"start":{"line":201,"column":7},"end":{"line":203,"column":1}},"line":201},"13":{"name":"updateRecentSkills","decl":{"start":{"line":206,"column":7},"end":{"line":217,"column":1}},"loc":{"start":{"line":206,"column":7},"end":{"line":217,"column":1}},"line":206},"14":{"name":"onSkillsChange","decl":{"start":{"line":220,"column":7},"end":{"line":225,"column":1}},"loc":{"start":{"line":220,"column":7},"end":{"line":225,"column":1}},"line":220},"15":{"name":"getAuditStatus","decl":{"start":{"line":230,"column":7},"end":{"line":232,"column":1}},"loc":{"start":{"line":230,"column":7},"end":{"line":232,"column":1}},"line":230},"16":{"name":"loadAuditStatuses","decl":{"start":{"line":235,"column":0},"end":{"line":265,"column":1}},"loc":{"start":{"line":235,"column":0},"end":{"line":265,"column":1}},"line":235},"17":{"name":"setAuditStatus","decl":{"start":{"line":268,"column":7},"end":{"line":271,"column":1}},"loc":{"start":{"line":268,"column":7},"end":{"line":271,"column":1}},"line":268},"18":{"name":"refreshAuditForSkill","decl":{"start":{"line":274,"column":0},"end":{"line":278,"column":1}},"loc":{"start":{"line":274,"column":0},"end":{"line":278,"column":1}},"line":274},"19":{"name":"initFromApi","decl":{"start":{"line":281,"column":0},"end":{"line":295,"column":1}},"loc":{"start":{"line":281,"column":0},"end":{"line":295,"column":1}},"line":281}},"f":{"0":90,"1":18,"2":7,"3":5,"4":42,"5":39,"6":2,"7":3,"8":2,"9":5,"10":2,"11":3,"12":2,"13":9,"14":2,"15":3,"16":1,"17":0,"18":1,"19":1}}
}
